2020-12-08 11:31:22 Log.py[line: 16] INFO 执行中
2020-12-08 11:31:24 Log.py[line: 16] INFO 提示：账号不能为空
2020-12-08 11:31:25 Log.py[line: 16] INFO 提示:账号不能为空
2020-12-08 11:31:26 Log.py[line: 16] INFO 提示：密码不能为空
2020-12-08 11:31:27 Log.py[line: 16] INFO 登陆成功
2020-12-08 11:31:28 Log.py[line: 16] INFO 进入参数配置页面成功
2020-12-08 11:31:30 Log.py[line: 16] INFO 进入基本参数配置成功
2020-12-08 11:31:31 Log.py[line: 16] INFO 进入报警参数配置成功
2020-12-08 11:31:32 Log.py[line: 16] INFO 进入通道详情成功
2020-12-08 11:31:33 Log.py[line: 16] INFO 进入阈值配置成功
2020-12-08 11:31:34 Log.py[line: 16] INFO 进入算法配置成功
2020-12-08 11:31:36 Log.py[line: 16] INFO 进入方案配置成功
2020-12-08 11:31:37 Log.py[line: 16] INFO 进入屏蔽区域配置成功
2020-12-08 11:31:38 Log.py[line: 16] INFO 进入瀑布图成功
2020-12-08 11:31:39 Log.py[line: 16] INFO 进入调试配置成功
2020-12-08 11:32:10 Log.py[line: 16] INFO 定位失败：Message: no such element: Unable to locate element: {"method":"xpath","selector":"//*[text()='数据保存']"}
  (Session info: chrome=86.0.4240.111)

2020-12-08 11:32:10 Log.py[line: 16] INFO 执行失败
2020-12-08 11:32:41 Log.py[line: 16] INFO 定位失败：Message: no such element: Unable to locate element: {"method":"xpath","selector":"//*[text()='数据保存']"}
  (Session info: chrome=86.0.4240.111)

2020-12-08 11:32:41 Log.py[line: 16] INFO 执行失败
2020-12-08 11:33:12 Log.py[line: 16] INFO 定位失败：Message: no such element: Unable to locate element: {"method":"xpath","selector":"//*[text()='数据保存']"}
  (Session info: chrome=86.0.4240.111)

2020-12-08 11:33:12 Log.py[line: 16] INFO 执行失败
2020-12-08 11:33:44 Log.py[line: 16] INFO 定位失败：Message: no such element: Unable to locate element: {"method":"xpath","selector":"//*[text()='数据保存']"}
  (Session info: chrome=86.0.4240.111)

2020-12-08 11:33:44 Log.py[line: 16] INFO 执行失败
2020-12-08 11:34:15 Log.py[line: 16] INFO 定位失败：Message: no such element: Unable to locate element: {"method":"xpath","selector":"//*[text()='数据保存']"}
  (Session info: chrome=86.0.4240.111)

2020-12-08 11:34:15 Log.py[line: 16] INFO 执行失败
2020-12-08 11:34:46 Log.py[line: 16] INFO 定位失败：Message: no such element: Unable to locate element: {"method":"xpath","selector":"//*[text()='数据保存']"}
  (Session info: chrome=86.0.4240.111)

2020-12-08 11:34:46 Log.py[line: 16] INFO 执行失败
2020-12-08 11:35:17 Log.py[line: 16] INFO 定位失败：Message: no such element: Unable to locate element: {"method":"xpath","selector":"//*[text()='数据保存']"}
  (Session info: chrome=86.0.4240.111)

2020-12-08 11:35:17 Log.py[line: 16] INFO 执行失败
2020-12-08 11:35:48 Log.py[line: 16] INFO 定位失败：Message: no such element: Unable to locate element: {"method":"xpath","selector":"//*[text()='数据保存']"}
  (Session info: chrome=86.0.4240.111)

2020-12-08 11:35:48 Log.py[line: 16] INFO 执行失败
2020-12-08 11:36:19 Log.py[line: 16] INFO 定位失败：Message: no such element: Unable to locate element: {"method":"xpath","selector":"//*[text()='数据保存']"}
  (Session info: chrome=86.0.4240.111)

2020-12-08 11:36:19 Log.py[line: 16] INFO 执行失败
2020-12-08 11:36:51 Log.py[line: 16] INFO 定位失败：Message: no such element: Unable to locate element: {"method":"xpath","selector":"//*[text()='数据保存']"}
  (Session info: chrome=86.0.4240.111)

2020-12-08 11:36:51 Log.py[line: 16] INFO 执行失败
2020-12-08 11:37:22 Log.py[line: 16] INFO 定位失败：Message: no such element: Unable to locate element: {"method":"xpath","selector":"//*[text()='数据保存']"}
  (Session info: chrome=86.0.4240.111)

2020-12-08 11:37:22 Log.py[line: 16] INFO 执行失败
2020-12-08 11:37:53 Log.py[line: 16] INFO 定位失败：Message: no such element: Unable to locate element: {"method":"xpath","selector":"//*[text()='数据保存']"}
  (Session info: chrome=86.0.4240.111)

2020-12-08 11:37:53 Log.py[line: 16] INFO 操作失败:Message: stale element reference: element is not attached to the page document
  (Session info: chrome=86.0.4240.111)

2020-12-08 11:37:53 Log.py[line: 16] INFO 执行失败
2020-12-08 11:59:32 Log.py[line: 16] INFO 执行中
2020-12-08 11:59:33 Log.py[line: 16] INFO 提示：账号不能为空
2020-12-08 11:59:34 Log.py[line: 16] INFO 提示:账号不能为空
2020-12-08 11:59:35 Log.py[line: 16] INFO 提示：密码不能为空
2020-12-08 11:59:37 Log.py[line: 16] INFO 登陆成功
2020-12-08 11:59:38 Log.py[line: 16] INFO 进入参数配置页面成功
2020-12-08 11:59:39 Log.py[line: 16] INFO 进入基本参数配置成功
2020-12-08 11:59:40 Log.py[line: 16] INFO 进入报警参数配置成功
2020-12-08 11:59:41 Log.py[line: 16] INFO 进入通道详情成功
2020-12-08 11:59:42 Log.py[line: 16] INFO 进入阈值配置成功
2020-12-08 11:59:44 Log.py[line: 16] INFO 进入算法配置成功
2020-12-08 11:59:45 Log.py[line: 16] INFO 进入方案配置成功
2020-12-08 11:59:46 Log.py[line: 16] INFO 进入屏蔽区域配置成功
2020-12-08 11:59:47 Log.py[line: 16] INFO 进入瀑布图成功
2020-12-08 11:59:48 Log.py[line: 16] INFO 进入调试配置成功
2020-12-08 11:59:49 Log.py[line: 16] INFO 进入系统配置成功
2020-12-08 11:59:50 Log.py[line: 16] INFO 进入用户管理成功
2020-12-08 11:59:51 Log.py[line: 16] INFO 进入基本配置成功
2020-12-08 11:59:53 Log.py[line: 16] INFO 进入外接设备配置成功
2020-12-08 11:59:54 Log.py[line: 16] INFO 进入设备列表成功
2020-12-08 11:59:55 Log.py[line: 16] INFO 进入输出列表成功
2020-12-08 11:59:56 Log.py[line: 16] INFO 进入防区配置成功
2020-12-08 11:59:57 Log.py[line: 16] INFO 进入防区初始化成功
2020-12-08 11:59:58 Log.py[line: 16] INFO 进入防区列表成功
2020-12-08 11:59:59 Log.py[line: 16] INFO 进入联动输出成功
2020-12-08 12:00:01 Log.py[line: 16] INFO 进入定时计划成功
2020-12-08 12:00:03 Log.py[line: 16] INFO 进入地图配置成功
2020-12-08 12:25:56 Log.py[line: 16] INFO 执行中
2020-12-08 12:25:57 Log.py[line: 16] INFO 提示：账号不能为空
2020-12-08 12:25:58 Log.py[line: 16] INFO 提示:账号不能为空
2020-12-08 12:26:00 Log.py[line: 16] INFO 提示：密码不能为空
2020-12-08 12:26:01 Log.py[line: 16] INFO 登陆成功
2020-12-08 12:26:02 Log.py[line: 16] INFO 进入参数配置页面成功
2020-12-08 12:26:03 Log.py[line: 16] INFO 进入基本参数配置成功
2020-12-08 12:26:04 Log.py[line: 16] INFO 进入报警参数配置成功
2020-12-08 12:26:05 Log.py[line: 16] INFO 进入通道详情成功
2020-12-08 12:26:07 Log.py[line: 16] INFO 进入阈值配置成功
2020-12-08 12:26:08 Log.py[line: 16] INFO 进入算法配置成功
2020-12-08 12:26:09 Log.py[line: 16] INFO 进入方案配置成功
2020-12-08 12:26:10 Log.py[line: 16] INFO 进入屏蔽区域配置成功
2020-12-08 12:26:11 Log.py[line: 16] INFO 进入瀑布图成功
2020-12-08 12:26:12 Log.py[line: 16] INFO 进入调试配置成功
2020-12-08 12:26:13 Log.py[line: 16] INFO 进入系统配置成功
2020-12-08 12:26:15 Log.py[line: 16] INFO 进入用户管理成功
2020-12-08 12:26:16 Log.py[line: 16] INFO 进入基本配置成功
2020-12-08 12:26:17 Log.py[line: 16] INFO 进入外接设备配置成功
2020-12-08 12:26:18 Log.py[line: 16] INFO 进入设备列表成功
2020-12-08 12:26:19 Log.py[line: 16] INFO 进入输出列表成功
2020-12-08 12:26:20 Log.py[line: 16] INFO 进入防区配置成功
2020-12-08 12:26:21 Log.py[line: 16] INFO 进入防区初始化成功
2020-12-08 12:26:23 Log.py[line: 16] INFO 进入防区列表成功
2020-12-08 12:26:24 Log.py[line: 16] INFO 进入联动输出成功
2020-12-08 12:26:25 Log.py[line: 16] INFO 进入定时计划成功
2020-12-08 12:26:28 Log.py[line: 16] INFO 进入地图配置成功
2020-12-08 13:16:23 Log.py[line: 16] INFO 执行中
2020-12-08 13:16:24 Log.py[line: 16] INFO 提示：账号不能为空
2020-12-08 13:16:25 Log.py[line: 16] INFO 提示:账号不能为空
2020-12-08 13:16:27 Log.py[line: 16] INFO 提示：密码不能为空
2020-12-08 13:16:28 Log.py[line: 16] INFO 登陆成功
2020-12-08 13:16:29 Log.py[line: 16] INFO 进入参数配置页面成功
2020-12-08 13:16:30 Log.py[line: 16] INFO 进入基本参数配置成功
2020-12-08 13:16:32 Log.py[line: 16] INFO 进入报警参数配置成功
2020-12-08 13:16:33 Log.py[line: 16] INFO 进入通道详情成功
2020-12-08 13:16:34 Log.py[line: 16] INFO 进入阈值配置成功
2020-12-08 13:16:35 Log.py[line: 16] INFO 进入算法配置成功
2020-12-08 13:16:36 Log.py[line: 16] INFO 进入方案配置成功
2020-12-08 13:16:37 Log.py[line: 16] INFO 进入屏蔽区域配置成功
2020-12-08 13:16:38 Log.py[line: 16] INFO 进入瀑布图成功
2020-12-08 13:16:40 Log.py[line: 16] INFO 进入调试配置成功
2020-12-08 13:16:41 Log.py[line: 16] INFO 进入系统配置成功
2020-12-08 13:16:42 Log.py[line: 16] INFO 进入用户管理成功
2020-12-08 13:16:43 Log.py[line: 16] INFO 进入基本配置成功
2020-12-08 13:16:44 Log.py[line: 16] INFO 进入外接设备配置成功
2020-12-08 13:16:45 Log.py[line: 16] INFO 进入设备列表成功
2020-12-08 13:16:46 Log.py[line: 16] INFO 进入输出列表成功
2020-12-08 13:16:47 Log.py[line: 16] INFO 进入防区配置成功
2020-12-08 13:16:49 Log.py[line: 16] INFO 进入防区初始化成功
2020-12-08 13:16:50 Log.py[line: 16] INFO 进入防区列表成功
2020-12-08 13:16:51 Log.py[line: 16] INFO 进入联动输出成功
2020-12-08 13:16:52 Log.py[line: 16] INFO 进入定时计划成功
2020-12-08 13:16:55 Log.py[line: 16] INFO 进入地图配置成功
2020-12-08 13:16:56 Log.py[line: 16] INFO 进入升级&维护成功
2020-12-08 13:16:57 Log.py[line: 16] INFO 进入版本信息成功
2020-12-08 13:18:01 Log.py[line: 16] INFO 执行中
2020-12-08 13:18:02 Log.py[line: 16] INFO 提示：账号不能为空
2020-12-08 13:18:03 Log.py[line: 16] INFO 提示:账号不能为空
2020-12-08 13:18:04 Log.py[line: 16] INFO 提示：密码不能为空
2020-12-08 13:18:05 Log.py[line: 16] INFO 登陆成功
2020-12-08 13:18:06 Log.py[line: 16] INFO 进入参数配置页面成功
2020-12-08 13:18:08 Log.py[line: 16] INFO 进入基本参数配置成功
2020-12-08 13:18:09 Log.py[line: 16] INFO 进入报警参数配置成功
2020-12-08 13:18:10 Log.py[line: 16] INFO 进入通道详情成功
2020-12-08 13:18:11 Log.py[line: 16] INFO 进入阈值配置成功
2020-12-08 13:18:12 Log.py[line: 16] INFO 进入算法配置成功
2020-12-08 13:18:14 Log.py[line: 16] INFO 进入方案配置成功
2020-12-08 13:18:15 Log.py[line: 16] INFO 进入屏蔽区域配置成功
2020-12-08 13:18:16 Log.py[line: 16] INFO 进入瀑布图成功
2020-12-08 13:18:17 Log.py[line: 16] INFO 进入调试配置成功
2020-12-08 13:18:18 Log.py[line: 16] INFO 进入系统配置成功
2020-12-08 13:18:19 Log.py[line: 16] INFO 进入用户管理成功
2020-12-08 13:18:20 Log.py[line: 16] INFO 进入基本配置成功
2020-12-08 13:18:21 Log.py[line: 16] INFO 进入外接设备配置成功
2020-12-08 13:18:23 Log.py[line: 16] INFO 进入设备列表成功
2020-12-08 13:18:24 Log.py[line: 16] INFO 进入输出列表成功
2020-12-08 13:18:25 Log.py[line: 16] INFO 进入防区配置成功
2020-12-08 13:18:26 Log.py[line: 16] INFO 进入防区初始化成功
2020-12-08 13:18:27 Log.py[line: 16] INFO 进入防区列表成功
2020-12-08 13:18:28 Log.py[line: 16] INFO 进入联动输出成功
2020-12-08 13:18:29 Log.py[line: 16] INFO 进入定时计划成功
2020-12-08 13:18:32 Log.py[line: 16] INFO 进入地图配置成功
2020-12-08 13:18:33 Log.py[line: 16] INFO 进入升级&维护成功
2020-12-08 13:18:35 Log.py[line: 16] INFO 进入版本信息成功
2020-12-08 13:28:47 Log.py[line: 16] INFO 执行中
2020-12-08 13:28:48 Log.py[line: 16] INFO 提示：账号不能为空
2020-12-08 13:28:50 Log.py[line: 16] INFO 提示:账号不能为空
2020-12-08 13:28:51 Log.py[line: 16] INFO 提示：密码不能为空
2020-12-08 13:28:52 Log.py[line: 16] INFO 登陆成功
2020-12-08 13:28:53 Log.py[line: 16] INFO 进入参数配置页面成功
2020-12-08 13:28:54 Log.py[line: 16] INFO 进入基本参数配置成功
2020-12-08 13:28:56 Log.py[line: 16] INFO 进入报警参数配置成功
2020-12-08 13:28:57 Log.py[line: 16] INFO 进入通道详情成功
2020-12-08 13:28:58 Log.py[line: 16] INFO 进入阈值配置成功
2020-12-08 13:28:59 Log.py[line: 16] INFO 进入算法配置成功
2020-12-08 13:29:00 Log.py[line: 16] INFO 进入方案配置成功
2020-12-08 13:29:01 Log.py[line: 16] INFO 进入屏蔽区域配置成功
2020-12-08 13:29:02 Log.py[line: 16] INFO 进入瀑布图成功
2020-12-08 13:29:03 Log.py[line: 16] INFO 进入调试配置成功
2020-12-08 13:29:04 Log.py[line: 16] INFO 进入系统配置成功
2020-12-08 13:29:06 Log.py[line: 16] INFO 进入用户管理成功
2020-12-08 13:29:07 Log.py[line: 16] INFO 进入基本配置成功
2020-12-08 13:29:08 Log.py[line: 16] INFO 进入外接设备配置成功
2020-12-08 13:29:09 Log.py[line: 16] INFO 进入设备列表成功
2020-12-08 13:29:10 Log.py[line: 16] INFO 进入输出列表成功
2020-12-08 13:29:11 Log.py[line: 16] INFO 进入防区配置成功
2020-12-08 13:29:12 Log.py[line: 16] INFO 进入防区初始化成功
2020-12-08 13:29:13 Log.py[line: 16] INFO 进入防区列表成功
2020-12-08 13:29:15 Log.py[line: 16] INFO 进入联动输出成功
2020-12-08 13:29:16 Log.py[line: 16] INFO 进入定时计划成功
2020-12-08 13:29:19 Log.py[line: 16] INFO 进入地图配置成功
2020-12-08 13:29:20 Log.py[line: 16] INFO 定位失败：Message: invalid selector: Unable to locate an element with the xpath expression //*[text()='时间段 because of the following error:
SyntaxError: Failed to execute 'evaluate' on 'Document': The string '//*[text()='时间段' is not a valid XPath expression.
  (Session info: chrome=86.0.4240.111)

2020-12-08 13:29:20 Log.py[line: 16] INFO 执行失败
2020-12-08 13:29:21 Log.py[line: 16] INFO 进入升级&维护成功
2020-12-08 13:29:22 Log.py[line: 16] INFO 进入版本信息成功
2020-12-08 13:29:23 Log.py[line: 16] INFO 执行失败
2020-12-08 13:29:24 Log.py[line: 16] INFO 操作失败:Message: element click intercepted: Element <span>...</span> is not clickable at point (325, 30). Other element would receive the click: <div role="alert" class="el-message el-message--warning" style="top: 20px; z-index: 2002;">...</div>
  (Session info: chrome=86.0.4240.111)

2020-12-08 13:29:25 Log.py[line: 16] INFO 执行失败
2020-12-08 13:29:26 Log.py[line: 16] INFO 操作失败:Message: element click intercepted: Element <span>...</span> is not clickable at point (325, 30). Other element would receive the click: <div role="alert" class="el-message el-message--warning" style="top: 20px; z-index: 2002;">...</div>
  (Session info: chrome=86.0.4240.111)

2020-12-08 13:29:27 Log.py[line: 16] INFO 执行失败
2020-12-08 13:29:28 Log.py[line: 16] INFO 操作失败:Message: element click intercepted: Element <span>...</span> is not clickable at point (325, 30). Other element would receive the click: <div role="alert" class="el-message el-message--warning" style="top: 20px; z-index: 2002;">...</div>
  (Session info: chrome=86.0.4240.111)

2020-12-08 13:29:29 Log.py[line: 16] INFO 执行失败
2020-12-08 13:29:30 Log.py[line: 16] INFO 进入报警统计成功
2020-12-08 13:29:33 Log.py[line: 16] INFO 进入地图操作成功
2020-12-08 13:31:23 Log.py[line: 16] INFO 执行中
2020-12-08 13:31:25 Log.py[line: 16] INFO 提示：账号不能为空
2020-12-08 13:31:26 Log.py[line: 16] INFO 提示:账号不能为空
2020-12-08 13:31:27 Log.py[line: 16] INFO 提示：密码不能为空
2020-12-08 13:31:28 Log.py[line: 16] INFO 登陆成功
2020-12-08 13:31:29 Log.py[line: 16] INFO 进入参数配置页面成功
2020-12-08 13:31:31 Log.py[line: 16] INFO 进入基本参数配置成功
2020-12-08 13:31:32 Log.py[line: 16] INFO 进入报警参数配置成功
2020-12-08 13:31:33 Log.py[line: 16] INFO 进入通道详情成功
2020-12-08 13:31:34 Log.py[line: 16] INFO 进入阈值配置成功
2020-12-08 13:31:36 Log.py[line: 16] INFO 进入算法配置成功
2020-12-08 13:31:37 Log.py[line: 16] INFO 进入方案配置成功
2020-12-08 13:31:38 Log.py[line: 16] INFO 进入屏蔽区域配置成功
2020-12-08 13:31:39 Log.py[line: 16] INFO 进入瀑布图成功
2020-12-08 13:31:40 Log.py[line: 16] INFO 进入调试配置成功
2020-12-08 13:31:41 Log.py[line: 16] INFO 进入系统配置成功
2020-12-08 13:31:42 Log.py[line: 16] INFO 进入用户管理成功
2020-12-08 13:31:44 Log.py[line: 16] INFO 进入基本配置成功
2020-12-08 13:31:45 Log.py[line: 16] INFO 进入外接设备配置成功
2020-12-08 13:31:46 Log.py[line: 16] INFO 进入设备列表成功
2020-12-08 13:31:47 Log.py[line: 16] INFO 进入输出列表成功
2020-12-08 13:31:48 Log.py[line: 16] INFO 进入防区配置成功
2020-12-08 13:31:49 Log.py[line: 16] INFO 进入防区初始化成功
2020-12-08 13:31:50 Log.py[line: 16] INFO 进入防区列表成功
2020-12-08 13:31:51 Log.py[line: 16] INFO 进入联动输出成功
2020-12-08 13:31:53 Log.py[line: 16] INFO 进入定时计划成功
2020-12-08 13:31:55 Log.py[line: 16] INFO 进入地图配置成功
2020-12-08 13:31:57 Log.py[line: 16] INFO 定位失败：Message: invalid selector: Unable to locate an element with the xpath expression //*[text()='时间段 because of the following error:
SyntaxError: Failed to execute 'evaluate' on 'Document': The string '//*[text()='时间段' is not a valid XPath expression.
  (Session info: chrome=86.0.4240.111)

2020-12-08 13:31:57 Log.py[line: 16] INFO 操作日志执行失败
2020-12-08 13:31:58 Log.py[line: 16] INFO 进入升级&维护成功
2020-12-08 13:31:59 Log.py[line: 16] INFO 进入版本信息成功
2020-12-08 13:32:00 Log.py[line: 16] INFO 报警记录执行失败
2020-12-08 13:32:01 Log.py[line: 16] INFO 操作失败:Message: element click intercepted: Element <span>...</span> is not clickable at point (325, 30). Other element would receive the click: <div role="alert" class="el-message el-message--warning" style="top: 20px; z-index: 2002;">...</div>
  (Session info: chrome=86.0.4240.111)

2020-12-08 13:32:02 Log.py[line: 16] INFO 报警记录执行失败
2020-12-08 13:32:03 Log.py[line: 16] INFO 操作失败:Message: element click intercepted: Element <span>...</span> is not clickable at point (325, 30). Other element would receive the click: <div role="alert" class="el-message el-message--warning" style="top: 20px; z-index: 2002;">...</div>
  (Session info: chrome=86.0.4240.111)

2020-12-08 13:32:04 Log.py[line: 16] INFO 报警记录执行失败
2020-12-08 13:32:05 Log.py[line: 16] INFO 操作失败:Message: element click intercepted: Element <span>...</span> is not clickable at point (325, 30). Other element would receive the click: <div role="alert" class="el-message el-message--warning" style="top: 20px; z-index: 2002;">...</div>
  (Session info: chrome=86.0.4240.111)

2020-12-08 13:32:06 Log.py[line: 16] INFO 报警记录执行失败
2020-12-08 13:32:08 Log.py[line: 16] INFO 进入报警统计成功
2020-12-08 13:32:10 Log.py[line: 16] INFO 进入地图操作成功
2020-12-08 13:35:05 Log.py[line: 16] INFO 执行中
2020-12-08 13:35:06 Log.py[line: 16] INFO 提示：账号不能为空
2020-12-08 13:35:07 Log.py[line: 16] INFO 提示:账号不能为空
2020-12-08 13:35:08 Log.py[line: 16] INFO 提示：密码不能为空
2020-12-08 13:35:10 Log.py[line: 16] INFO 登陆成功
2020-12-08 13:35:11 Log.py[line: 16] INFO 进入参数配置页面成功
2020-12-08 13:35:12 Log.py[line: 16] INFO 进入基本参数配置成功
2020-12-08 13:35:13 Log.py[line: 16] INFO 进入报警参数配置成功
2020-12-08 13:35:14 Log.py[line: 16] INFO 进入通道详情成功
2020-12-08 13:35:16 Log.py[line: 16] INFO 进入阈值配置成功
2020-12-08 13:35:17 Log.py[line: 16] INFO 进入算法配置成功
2020-12-08 13:35:18 Log.py[line: 16] INFO 进入方案配置成功
2020-12-08 13:35:19 Log.py[line: 16] INFO 进入屏蔽区域配置成功
2020-12-08 13:35:20 Log.py[line: 16] INFO 进入瀑布图成功
2020-12-08 13:35:21 Log.py[line: 16] INFO 进入调试配置成功
2020-12-08 13:35:23 Log.py[line: 16] INFO 进入系统配置成功
2020-12-08 13:35:24 Log.py[line: 16] INFO 进入用户管理成功
2020-12-08 13:35:25 Log.py[line: 16] INFO 进入基本配置成功
2020-12-08 13:35:26 Log.py[line: 16] INFO 进入外接设备配置成功
2020-12-08 13:35:27 Log.py[line: 16] INFO 进入设备列表成功
2020-12-08 13:35:28 Log.py[line: 16] INFO 进入输出列表成功
2020-12-08 13:35:29 Log.py[line: 16] INFO 进入防区配置成功
2020-12-08 13:35:31 Log.py[line: 16] INFO 进入防区初始化成功
2020-12-08 13:35:32 Log.py[line: 16] INFO 进入防区列表成功
2020-12-08 13:35:33 Log.py[line: 16] INFO 进入联动输出成功
2020-12-08 13:35:34 Log.py[line: 16] INFO 进入定时计划成功
2020-12-08 13:35:37 Log.py[line: 16] INFO 进入地图配置成功
2020-12-08 13:35:38 Log.py[line: 16] INFO 进入操作日志成功
2020-12-08 13:35:39 Log.py[line: 16] INFO 进入升级&维护成功
2020-12-08 13:35:40 Log.py[line: 16] INFO 进入版本信息成功
2020-12-08 13:35:41 Log.py[line: 16] INFO 报警记录执行失败
2020-12-08 13:35:42 Log.py[line: 16] INFO 操作失败:Message: element click intercepted: Element <span>...</span> is not clickable at point (325, 30). Other element would receive the click: <div role="alert" class="el-message el-message--warning" style="top: 20px; z-index: 2002;">...</div>
  (Session info: chrome=86.0.4240.111)

2020-12-08 13:35:43 Log.py[line: 16] INFO 报警记录执行失败
2020-12-08 13:35:45 Log.py[line: 16] INFO 操作失败:Message: element click intercepted: Element <span>...</span> is not clickable at point (325, 30). Other element would receive the click: <div role="alert" class="el-message el-message--warning" style="top: 20px; z-index: 2002;">...</div>
  (Session info: chrome=86.0.4240.111)

2020-12-08 13:35:46 Log.py[line: 16] INFO 报警记录执行失败
2020-12-08 13:35:47 Log.py[line: 16] INFO 操作失败:Message: element click intercepted: Element <span>...</span> is not clickable at point (325, 30). Other element would receive the click: <div role="alert" class="el-message el-message--warning" style="top: 20px; z-index: 2002;">...</div>
  (Session info: chrome=86.0.4240.111)

2020-12-08 13:35:48 Log.py[line: 16] INFO 报警记录执行失败
2020-12-08 13:35:49 Log.py[line: 16] INFO 进入报警统计成功
2020-12-08 13:35:52 Log.py[line: 16] INFO 进入地图操作成功
2020-12-08 13:37:22 Log.py[line: 16] INFO 执行中
2020-12-08 13:37:23 Log.py[line: 16] INFO 提示：账号不能为空
2020-12-08 13:37:24 Log.py[line: 16] INFO 提示:账号不能为空
2020-12-08 13:37:26 Log.py[line: 16] INFO 提示：密码不能为空
2020-12-08 13:37:27 Log.py[line: 16] INFO 登陆成功
2020-12-08 13:37:28 Log.py[line: 16] INFO 进入参数配置页面成功
2020-12-08 13:37:30 Log.py[line: 16] INFO 进入基本参数配置成功
2020-12-08 13:37:31 Log.py[line: 16] INFO 进入报警参数配置成功
2020-12-08 13:37:32 Log.py[line: 16] INFO 进入通道详情成功
2020-12-08 13:37:33 Log.py[line: 16] INFO 进入阈值配置成功
2020-12-08 13:37:34 Log.py[line: 16] INFO 进入算法配置成功
2020-12-08 13:37:35 Log.py[line: 16] INFO 进入方案配置成功
2020-12-08 13:37:37 Log.py[line: 16] INFO 进入屏蔽区域配置成功
2020-12-08 13:37:38 Log.py[line: 16] INFO 进入瀑布图成功
2020-12-08 13:37:39 Log.py[line: 16] INFO 进入调试配置成功
2020-12-08 13:37:40 Log.py[line: 16] INFO 进入系统配置成功
2020-12-08 13:37:41 Log.py[line: 16] INFO 进入用户管理成功
2020-12-08 13:37:42 Log.py[line: 16] INFO 进入基本配置成功
2020-12-08 13:37:43 Log.py[line: 16] INFO 进入外接设备配置成功
2020-12-08 13:37:45 Log.py[line: 16] INFO 进入设备列表成功
2020-12-08 13:37:46 Log.py[line: 16] INFO 进入输出列表成功
2020-12-08 13:37:47 Log.py[line: 16] INFO 进入防区配置成功
2020-12-08 13:37:48 Log.py[line: 16] INFO 进入防区初始化成功
2020-12-08 13:37:49 Log.py[line: 16] INFO 进入防区列表成功
2020-12-08 13:37:50 Log.py[line: 16] INFO 进入联动输出成功
2020-12-08 13:37:51 Log.py[line: 16] INFO 进入定时计划成功
2020-12-08 13:37:54 Log.py[line: 16] INFO 进入地图配置成功
2020-12-08 13:37:55 Log.py[line: 16] INFO 进入操作日志成功
2020-12-08 13:37:56 Log.py[line: 16] INFO 进入升级&维护成功
2020-12-08 13:37:58 Log.py[line: 16] INFO 进入版本信息成功
2020-12-08 13:37:59 Log.py[line: 16] INFO 报警记录执行失败
2020-12-08 13:38:00 Log.py[line: 16] INFO 操作失败:Message: element click intercepted: Element <span>...</span> is not clickable at point (325, 30). Other element would receive the click: <div role="alert" class="el-message el-message--warning" style="top: 20px; z-index: 2002;">...</div>
  (Session info: chrome=86.0.4240.111)

2020-12-08 13:38:01 Log.py[line: 16] INFO 报警记录执行失败
2020-12-08 13:38:02 Log.py[line: 16] INFO 进入报警统计成功
2020-12-08 13:38:05 Log.py[line: 16] INFO 进入地图操作成功
2020-12-08 13:52:13 Log.py[line: 16] INFO 执行中
2020-12-08 13:52:15 Log.py[line: 16] INFO 提示：账号不能为空
2020-12-08 13:52:16 Log.py[line: 16] INFO 提示:账号不能为空
2020-12-08 13:52:17 Log.py[line: 16] INFO 提示：密码不能为空
2020-12-08 13:52:18 Log.py[line: 16] INFO 登陆成功
2020-12-08 13:52:20 Log.py[line: 16] INFO 进入参数配置页面成功
2020-12-08 13:52:21 Log.py[line: 16] INFO 进入基本参数配置成功
2020-12-08 13:52:22 Log.py[line: 16] INFO 进入报警参数配置成功
2020-12-08 13:52:23 Log.py[line: 16] INFO 进入通道详情成功
2020-12-08 13:52:24 Log.py[line: 16] INFO 进入阈值配置成功
2020-12-08 13:52:25 Log.py[line: 16] INFO 进入算法配置成功
2020-12-08 13:52:26 Log.py[line: 16] INFO 进入方案配置成功
2020-12-08 13:52:28 Log.py[line: 16] INFO 进入屏蔽区域配置成功
2020-12-08 13:52:29 Log.py[line: 16] INFO 进入瀑布图成功
2020-12-08 13:52:30 Log.py[line: 16] INFO 进入调试配置成功
2020-12-08 13:52:31 Log.py[line: 16] INFO 进入系统配置成功
2020-12-08 13:52:32 Log.py[line: 16] INFO 进入用户管理成功
2020-12-08 13:52:33 Log.py[line: 16] INFO 进入基本配置成功
2020-12-08 13:52:34 Log.py[line: 16] INFO 进入外接设备配置成功
2020-12-08 13:52:35 Log.py[line: 16] INFO 进入设备列表成功
2020-12-08 13:52:37 Log.py[line: 16] INFO 进入输出列表成功
2020-12-08 13:52:38 Log.py[line: 16] INFO 进入防区配置成功
2020-12-08 13:52:39 Log.py[line: 16] INFO 进入防区初始化成功
2020-12-08 13:52:40 Log.py[line: 16] INFO 进入防区列表成功
2020-12-08 13:52:41 Log.py[line: 16] INFO 进入联动输出成功
2020-12-08 13:52:42 Log.py[line: 16] INFO 进入定时计划成功
2020-12-08 13:52:45 Log.py[line: 16] INFO 进入地图配置成功
2020-12-08 13:52:46 Log.py[line: 16] INFO 进入操作日志成功
2020-12-08 13:52:47 Log.py[line: 16] INFO 进入升级&维护成功
2020-12-08 13:52:48 Log.py[line: 16] INFO 进入版本信息成功
2020-12-08 13:53:20 Log.py[line: 16] INFO 定位失败：Message: no such element: Unable to locate element: {"method":"xpath","selector":"//*[text()='报警等级']"}
  (Session info: chrome=86.0.4240.111)

2020-12-08 13:53:20 Log.py[line: 16] INFO 报警记录执行失败
2020-12-08 13:54:03 Log.py[line: 16] INFO 执行中
2020-12-08 13:54:04 Log.py[line: 16] INFO 提示：账号不能为空
2020-12-08 13:54:05 Log.py[line: 16] INFO 提示:账号不能为空
2020-12-08 13:54:07 Log.py[line: 16] INFO 提示：密码不能为空
2020-12-08 13:54:08 Log.py[line: 16] INFO 登陆成功
2020-12-08 13:54:09 Log.py[line: 16] INFO 进入参数配置页面成功
2020-12-08 13:54:10 Log.py[line: 16] INFO 进入基本参数配置成功
2020-12-08 13:54:11 Log.py[line: 16] INFO 进入报警参数配置成功
2020-12-08 13:54:12 Log.py[line: 16] INFO 进入通道详情成功
2020-12-08 13:54:14 Log.py[line: 16] INFO 进入阈值配置成功
2020-12-08 13:54:15 Log.py[line: 16] INFO 进入算法配置成功
2020-12-08 13:54:16 Log.py[line: 16] INFO 进入方案配置成功
2020-12-08 13:54:17 Log.py[line: 16] INFO 进入屏蔽区域配置成功
2020-12-08 13:54:18 Log.py[line: 16] INFO 进入瀑布图成功
2020-12-08 13:54:19 Log.py[line: 16] INFO 进入调试配置成功
2020-12-08 13:54:20 Log.py[line: 16] INFO 进入系统配置成功
2020-12-08 13:54:22 Log.py[line: 16] INFO 进入用户管理成功
2020-12-08 13:54:23 Log.py[line: 16] INFO 进入基本配置成功
2020-12-08 13:54:24 Log.py[line: 16] INFO 进入外接设备配置成功
2020-12-08 13:54:25 Log.py[line: 16] INFO 进入设备列表成功
2020-12-08 13:54:26 Log.py[line: 16] INFO 进入输出列表成功
2020-12-08 13:54:27 Log.py[line: 16] INFO 进入防区配置成功
2020-12-08 13:54:28 Log.py[line: 16] INFO 进入防区初始化成功
2020-12-08 13:54:29 Log.py[line: 16] INFO 进入防区列表成功
2020-12-08 13:54:31 Log.py[line: 16] INFO 进入联动输出成功
2020-12-08 13:54:32 Log.py[line: 16] INFO 进入定时计划成功
2020-12-08 13:54:35 Log.py[line: 16] INFO 进入地图配置成功
2020-12-08 13:54:36 Log.py[line: 16] INFO 进入操作日志成功
2020-12-08 13:54:37 Log.py[line: 16] INFO 进入升级&维护成功
2020-12-08 13:54:38 Log.py[line: 16] INFO 进入版本信息成功
2020-12-08 13:55:09 Log.py[line: 16] INFO 定位失败：Message: no such element: Unable to locate element: {"method":"xpath","selector":"//*[text()='报警等级']"}
  (Session info: chrome=86.0.4240.111)

2020-12-08 13:55:09 Log.py[line: 16] INFO 报警记录执行失败
2020-12-08 13:55:40 Log.py[line: 16] INFO 定位失败：Message: no such element: Unable to locate element: {"method":"xpath","selector":"//*[text()='报警等级']"}
  (Session info: chrome=86.0.4240.111)

2020-12-08 13:55:40 Log.py[line: 16] INFO 报警记录执行失败
2020-12-08 13:55:58 Log.py[line: 16] INFO 进入报警统计成功
2020-12-08 13:56:01 Log.py[line: 16] INFO 进入地图操作成功
2020-12-08 13:56:43 Log.py[line: 16] INFO 执行中
2020-12-08 13:56:44 Log.py[line: 16] INFO 提示：账号不能为空
2020-12-08 13:56:46 Log.py[line: 16] INFO 提示:账号不能为空
2020-12-08 13:56:47 Log.py[line: 16] INFO 提示：密码不能为空
2020-12-08 13:56:48 Log.py[line: 16] INFO 登陆成功
2020-12-08 13:56:49 Log.py[line: 16] INFO 进入参数配置页面成功
2020-12-08 13:56:51 Log.py[line: 16] INFO 进入基本参数配置成功
2020-12-08 13:56:52 Log.py[line: 16] INFO 进入报警参数配置成功
2020-12-08 13:56:53 Log.py[line: 16] INFO 进入通道详情成功
2020-12-08 13:56:54 Log.py[line: 16] INFO 进入阈值配置成功
2020-12-08 13:56:55 Log.py[line: 16] INFO 进入算法配置成功
2020-12-08 13:56:56 Log.py[line: 16] INFO 进入方案配置成功
2020-12-08 13:56:58 Log.py[line: 16] INFO 进入屏蔽区域配置成功
2020-12-08 13:56:59 Log.py[line: 16] INFO 进入瀑布图成功
2020-12-08 13:57:00 Log.py[line: 16] INFO 进入调试配置成功
2020-12-08 13:57:01 Log.py[line: 16] INFO 进入系统配置成功
2020-12-08 13:57:02 Log.py[line: 16] INFO 进入用户管理成功
2020-12-08 13:57:03 Log.py[line: 16] INFO 进入基本配置成功
2020-12-08 13:57:04 Log.py[line: 16] INFO 进入外接设备配置成功
2020-12-08 13:57:05 Log.py[line: 16] INFO 进入设备列表成功
2020-12-08 13:57:07 Log.py[line: 16] INFO 进入输出列表成功
2020-12-08 13:57:08 Log.py[line: 16] INFO 进入防区配置成功
2020-12-08 13:57:09 Log.py[line: 16] INFO 进入防区初始化成功
2020-12-08 13:57:10 Log.py[line: 16] INFO 进入防区列表成功
2020-12-08 13:57:11 Log.py[line: 16] INFO 进入联动输出成功
2020-12-08 13:57:12 Log.py[line: 16] INFO 进入定时计划成功
2020-12-08 13:57:15 Log.py[line: 16] INFO 进入地图配置成功
2020-12-08 13:57:16 Log.py[line: 16] INFO 进入操作日志成功
2020-12-08 13:57:18 Log.py[line: 16] INFO 进入升级&维护成功
2020-12-08 13:57:19 Log.py[line: 16] INFO 进入版本信息成功
2020-12-08 13:57:20 Log.py[line: 16] INFO 报警记录主页执行失败
2020-12-08 13:57:21 Log.py[line: 16] INFO 报警记录执行失败
2020-12-08 13:57:22 Log.py[line: 16] INFO 进入报警统计成功
2020-12-08 13:57:25 Log.py[line: 16] INFO 进入地图操作成功
2020-12-08 14:01:33 Log.py[line: 16] INFO 执行中
2020-12-08 14:01:34 Log.py[line: 16] INFO 提示：账号不能为空
2020-12-08 14:01:35 Log.py[line: 16] INFO 提示:账号不能为空
2020-12-08 14:01:37 Log.py[line: 16] INFO 提示：密码不能为空
2020-12-08 14:01:38 Log.py[line: 16] INFO 登陆成功
2020-12-08 14:01:39 Log.py[line: 16] INFO 进入参数配置页面成功
2020-12-08 14:01:40 Log.py[line: 16] INFO 进入基本参数配置成功
2020-12-08 14:01:41 Log.py[line: 16] INFO 进入报警参数配置成功
2020-12-08 14:01:42 Log.py[line: 16] INFO 进入通道详情成功
2020-12-08 14:01:44 Log.py[line: 16] INFO 进入阈值配置成功
2020-12-08 14:01:45 Log.py[line: 16] INFO 进入算法配置成功
2020-12-08 14:01:46 Log.py[line: 16] INFO 进入方案配置成功
2020-12-08 14:01:47 Log.py[line: 16] INFO 进入屏蔽区域配置成功
2020-12-08 14:01:48 Log.py[line: 16] INFO 进入瀑布图成功
2020-12-08 14:01:49 Log.py[line: 16] INFO 进入调试配置成功
2020-12-08 14:01:51 Log.py[line: 16] INFO 进入系统配置成功
2020-12-08 14:01:52 Log.py[line: 16] INFO 进入用户管理成功
2020-12-08 14:01:53 Log.py[line: 16] INFO 进入基本配置成功
2020-12-08 14:01:54 Log.py[line: 16] INFO 进入外接设备配置成功
2020-12-08 14:01:55 Log.py[line: 16] INFO 进入设备列表成功
2020-12-08 14:01:56 Log.py[line: 16] INFO 进入输出列表成功
2020-12-08 14:01:57 Log.py[line: 16] INFO 进入防区配置成功
2020-12-08 14:01:59 Log.py[line: 16] INFO 进入防区初始化成功
2020-12-08 14:02:00 Log.py[line: 16] INFO 进入防区列表成功
2020-12-08 14:02:01 Log.py[line: 16] INFO 进入联动输出成功
2020-12-08 14:02:02 Log.py[line: 16] INFO 进入定时计划成功
2020-12-08 14:02:05 Log.py[line: 16] INFO 进入地图配置成功
2020-12-08 14:02:06 Log.py[line: 16] INFO 进入操作日志成功
2020-12-08 14:02:07 Log.py[line: 16] INFO 进入升级&维护成功
2020-12-08 14:02:08 Log.py[line: 16] INFO 进入版本信息成功
2020-12-08 14:02:09 Log.py[line: 16] INFO 进入报警记录成功
2020-12-08 14:02:11 Log.py[line: 16] INFO 进入报警记录成功
2020-12-08 14:02:12 Log.py[line: 16] INFO 进入报警统计成功
2020-12-08 14:02:15 Log.py[line: 16] INFO 进入地图操作成功
2020-12-08 15:10:34 Log.py[line: 16] INFO 执行中
2020-12-08 15:10:35 Log.py[line: 16] INFO 提示：账号不能为空
2020-12-08 15:10:36 Log.py[line: 16] INFO 提示:账号不能为空
2020-12-08 15:10:37 Log.py[line: 16] INFO 提示：密码不能为空
2020-12-08 15:10:39 Log.py[line: 16] INFO 登陆成功
2020-12-08 15:10:40 Log.py[line: 16] INFO 进入参数配置页面成功
2020-12-08 15:10:41 Log.py[line: 16] INFO 进入基本参数配置成功
2020-12-08 15:10:42 Log.py[line: 16] INFO 进入报警参数配置成功
2020-12-08 15:10:43 Log.py[line: 16] INFO 进入通道详情成功
2020-12-08 15:10:45 Log.py[line: 16] INFO 进入阈值配置成功
2020-12-08 15:10:46 Log.py[line: 16] INFO 进入算法配置成功
2020-12-08 15:10:47 Log.py[line: 16] INFO 进入方案配置成功
2020-12-08 15:10:48 Log.py[line: 16] INFO 进入屏蔽区域配置成功
2020-12-08 15:10:49 Log.py[line: 16] INFO 进入瀑布图成功
2020-12-08 15:10:50 Log.py[line: 16] INFO 进入调试配置成功
2020-12-08 15:10:51 Log.py[line: 16] INFO 进入系统配置成功
2020-12-08 15:10:53 Log.py[line: 16] INFO 进入用户管理成功
2020-12-08 15:10:54 Log.py[line: 16] INFO 进入基本配置成功
2020-12-08 15:10:55 Log.py[line: 16] INFO 进入外接设备配置成功
2020-12-08 15:10:56 Log.py[line: 16] INFO 进入设备列表成功
2020-12-08 15:10:57 Log.py[line: 16] INFO 进入输出列表成功
2020-12-08 15:10:58 Log.py[line: 16] INFO 进入防区配置成功
2020-12-08 15:10:59 Log.py[line: 16] INFO 进入防区初始化成功
2020-12-08 15:11:00 Log.py[line: 16] INFO 进入防区列表成功
2020-12-08 15:11:01 Log.py[line: 16] INFO 进入联动输出成功
2020-12-08 15:11:03 Log.py[line: 16] INFO 进入定时计划成功
2020-12-08 15:11:06 Log.py[line: 16] INFO 进入地图配置成功
2020-12-08 15:11:07 Log.py[line: 16] INFO 进入操作日志成功
2020-12-08 15:11:08 Log.py[line: 16] INFO 进入升级&维护成功
2020-12-08 15:11:09 Log.py[line: 16] INFO 进入版本信息成功
2020-12-08 15:11:10 Log.py[line: 16] INFO 进入报警记录成功
2020-12-08 15:11:11 Log.py[line: 16] INFO 进入报警记录成功
2020-12-08 15:11:12 Log.py[line: 16] INFO 进入报警统计成功
2020-12-08 15:11:15 Log.py[line: 16] INFO 进入地图操作成功
2020-12-08 15:12:00 Log.py[line: 16] INFO 执行中
2020-12-08 15:12:02 Log.py[line: 16] INFO 提示：账号不能为空
2020-12-08 15:12:03 Log.py[line: 16] INFO 提示:账号不能为空
2020-12-08 15:12:04 Log.py[line: 16] INFO 提示：密码不能为空
2020-12-08 15:12:05 Log.py[line: 16] INFO 登陆成功
2020-12-08 15:12:07 Log.py[line: 16] INFO 进入参数配置页面成功
2020-12-08 15:12:08 Log.py[line: 16] INFO 进入基本参数配置成功
2020-12-08 15:12:09 Log.py[line: 16] INFO 进入报警参数配置成功
2020-12-08 15:12:10 Log.py[line: 16] INFO 进入通道详情成功
2020-12-08 15:12:11 Log.py[line: 16] INFO 进入阈值配置成功
2020-12-08 15:12:12 Log.py[line: 16] INFO 进入算法配置成功
2020-12-08 15:12:13 Log.py[line: 16] INFO 进入方案配置成功
2020-12-08 15:12:15 Log.py[line: 16] INFO 进入屏蔽区域配置成功
2020-12-08 15:12:16 Log.py[line: 16] INFO 进入瀑布图成功
2020-12-08 15:12:17 Log.py[line: 16] INFO 进入调试配置成功
2020-12-08 15:12:18 Log.py[line: 16] INFO 进入系统配置成功
2020-12-08 15:12:19 Log.py[line: 16] INFO 进入用户管理成功
2020-12-08 15:12:20 Log.py[line: 16] INFO 进入基本配置成功
2020-12-08 15:12:21 Log.py[line: 16] INFO 进入外接设备配置成功
2020-12-08 15:12:22 Log.py[line: 16] INFO 进入设备列表成功
2020-12-08 15:12:24 Log.py[line: 16] INFO 进入输出列表成功
2020-12-08 15:12:25 Log.py[line: 16] INFO 进入防区配置成功
2020-12-08 15:12:26 Log.py[line: 16] INFO 进入防区初始化成功
2020-12-08 15:12:27 Log.py[line: 16] INFO 进入防区列表成功
2020-12-08 15:12:28 Log.py[line: 16] INFO 进入联动输出成功
2020-12-08 15:12:29 Log.py[line: 16] INFO 进入定时计划成功
2020-12-08 15:12:32 Log.py[line: 16] INFO 进入地图配置成功
2020-12-08 15:12:33 Log.py[line: 16] INFO 进入操作日志成功
2020-12-08 15:12:34 Log.py[line: 16] INFO 进入升级&维护成功
2020-12-08 15:12:36 Log.py[line: 16] INFO 进入版本信息成功
2020-12-08 15:12:37 Log.py[line: 16] INFO 进入报警记录成功
2020-12-08 15:12:38 Log.py[line: 16] INFO 进入报警记录成功
2020-12-08 15:12:39 Log.py[line: 16] INFO 进入报警统计成功
2020-12-08 15:12:42 Log.py[line: 16] INFO 地图操作执行失败
2020-12-08 15:15:52 Log.py[line: 16] INFO 执行中
2020-12-08 15:15:54 Log.py[line: 16] INFO 提示：账号不能为空
2020-12-08 15:15:55 Log.py[line: 16] INFO 提示:账号不能为空
2020-12-08 15:15:56 Log.py[line: 16] INFO 提示：密码不能为空
2020-12-08 15:15:57 Log.py[line: 16] INFO 登陆成功
2020-12-08 15:15:58 Log.py[line: 16] INFO 进入参数配置页面成功
2020-12-08 15:16:00 Log.py[line: 16] INFO 进入基本参数配置成功
2020-12-08 15:16:01 Log.py[line: 16] INFO 进入报警参数配置成功
2020-12-08 15:16:02 Log.py[line: 16] INFO 进入通道详情成功
2020-12-08 15:16:03 Log.py[line: 16] INFO 进入阈值配置成功
2020-12-08 15:16:04 Log.py[line: 16] INFO 进入算法配置成功
2020-12-08 15:16:05 Log.py[line: 16] INFO 进入方案配置成功
2020-12-08 15:16:06 Log.py[line: 16] INFO 进入屏蔽区域配置成功
2020-12-08 15:16:08 Log.py[line: 16] INFO 进入瀑布图成功
2020-12-08 15:16:09 Log.py[line: 16] INFO 进入调试配置成功
2020-12-08 15:16:10 Log.py[line: 16] INFO 进入系统配置成功
2020-12-08 15:16:11 Log.py[line: 16] INFO 进入用户管理成功
2020-12-08 15:16:12 Log.py[line: 16] INFO 进入基本配置成功
2020-12-08 15:16:13 Log.py[line: 16] INFO 进入外接设备配置成功
2020-12-08 15:16:14 Log.py[line: 16] INFO 进入设备列表成功
2020-12-08 15:16:15 Log.py[line: 16] INFO 进入输出列表成功
2020-12-08 15:16:16 Log.py[line: 16] INFO 进入防区配置成功
2020-12-08 15:16:18 Log.py[line: 16] INFO 进入防区初始化成功
2020-12-08 15:16:19 Log.py[line: 16] INFO 进入防区列表成功
2020-12-08 15:16:20 Log.py[line: 16] INFO 进入联动输出成功
2020-12-08 15:16:21 Log.py[line: 16] INFO 进入定时计划成功
2020-12-08 15:16:24 Log.py[line: 16] INFO 进入地图配置成功
2020-12-08 15:16:25 Log.py[line: 16] INFO 进入操作日志成功
2020-12-08 15:16:26 Log.py[line: 16] INFO 进入升级&维护成功
2020-12-08 15:16:27 Log.py[line: 16] INFO 进入版本信息成功
2020-12-08 15:16:28 Log.py[line: 16] INFO 进入报警记录成功
2020-12-08 15:16:30 Log.py[line: 16] INFO 进入报警记录成功
2020-12-08 15:16:31 Log.py[line: 16] INFO 进入报警统计成功
2020-12-08 15:16:34 Log.py[line: 16] INFO 地图操作执行失败
2020-12-08 15:20:44 Log.py[line: 16] INFO 执行中
2020-12-08 15:20:45 Log.py[line: 16] INFO 提示：账号不能为空
2020-12-08 15:20:47 Log.py[line: 16] INFO 提示:账号不能为空
2020-12-08 15:20:48 Log.py[line: 16] INFO 提示：密码不能为空
2020-12-08 15:20:49 Log.py[line: 16] INFO 登陆成功
2020-12-08 15:20:50 Log.py[line: 16] INFO 进入参数配置页面成功
2020-12-08 15:20:52 Log.py[line: 16] INFO 进入基本参数配置成功
2020-12-08 15:20:53 Log.py[line: 16] INFO 进入报警参数配置成功
2020-12-08 15:20:54 Log.py[line: 16] INFO 进入通道详情成功
2020-12-08 15:20:55 Log.py[line: 16] INFO 进入阈值配置成功
2020-12-08 15:20:56 Log.py[line: 16] INFO 进入算法配置成功
2020-12-08 15:20:57 Log.py[line: 16] INFO 进入方案配置成功
2020-12-08 15:20:58 Log.py[line: 16] INFO 进入屏蔽区域配置成功
2020-12-08 15:20:59 Log.py[line: 16] INFO 进入瀑布图成功
2020-12-08 15:21:00 Log.py[line: 16] INFO 进入调试配置成功
2020-12-08 15:21:02 Log.py[line: 16] INFO 进入系统配置成功
2020-12-08 15:21:03 Log.py[line: 16] INFO 进入用户管理成功
2020-12-08 15:21:04 Log.py[line: 16] INFO 进入基本配置成功
2020-12-08 15:21:05 Log.py[line: 16] INFO 进入外接设备配置成功
2020-12-08 15:21:06 Log.py[line: 16] INFO 进入设备列表成功
2020-12-08 15:21:07 Log.py[line: 16] INFO 进入输出列表成功
2020-12-08 15:21:08 Log.py[line: 16] INFO 进入防区配置成功
2020-12-08 15:21:09 Log.py[line: 16] INFO 进入防区初始化成功
2020-12-08 15:21:11 Log.py[line: 16] INFO 进入防区列表成功
2020-12-08 15:21:12 Log.py[line: 16] INFO 进入联动输出成功
2020-12-08 15:21:13 Log.py[line: 16] INFO 进入定时计划成功
2020-12-08 15:21:16 Log.py[line: 16] INFO 进入地图配置成功
2020-12-08 15:21:17 Log.py[line: 16] INFO 进入操作日志成功
2020-12-08 15:21:18 Log.py[line: 16] INFO 进入升级&维护成功
2020-12-08 15:21:19 Log.py[line: 16] INFO 进入版本信息成功
2020-12-08 15:21:20 Log.py[line: 16] INFO 进入报警记录成功
2020-12-08 15:21:21 Log.py[line: 16] INFO 进入报警记录成功
2020-12-08 15:21:23 Log.py[line: 16] INFO 进入报警统计成功
2020-12-08 15:21:26 Log.py[line: 16] INFO 地图操作执行失败
2020-12-08 15:23:10 Log.py[line: 16] INFO 执行中
2020-12-08 15:23:12 Log.py[line: 16] INFO 提示：账号不能为空
2020-12-08 15:23:13 Log.py[line: 16] INFO 提示:账号不能为空
2020-12-08 15:23:14 Log.py[line: 16] INFO 提示：密码不能为空
2020-12-08 15:23:16 Log.py[line: 16] INFO 登陆成功
2020-12-08 15:23:17 Log.py[line: 16] INFO 进入参数配置页面成功
2020-12-08 15:23:18 Log.py[line: 16] INFO 进入基本参数配置成功
2020-12-08 15:23:19 Log.py[line: 16] INFO 进入报警参数配置成功
2020-12-08 15:23:20 Log.py[line: 16] INFO 进入通道详情成功
2020-12-08 15:23:21 Log.py[line: 16] INFO 进入阈值配置成功
2020-12-08 15:23:22 Log.py[line: 16] INFO 进入算法配置成功
2020-12-08 15:23:23 Log.py[line: 16] INFO 进入方案配置成功
2020-12-08 15:23:25 Log.py[line: 16] INFO 进入屏蔽区域配置成功
2020-12-08 15:23:26 Log.py[line: 16] INFO 进入瀑布图成功
2020-12-08 15:23:27 Log.py[line: 16] INFO 进入调试配置成功
2020-12-08 15:23:28 Log.py[line: 16] INFO 进入系统配置成功
2020-12-08 15:23:29 Log.py[line: 16] INFO 进入用户管理成功
2020-12-08 15:23:30 Log.py[line: 16] INFO 进入基本配置成功
2020-12-08 15:23:31 Log.py[line: 16] INFO 进入外接设备配置成功
2020-12-08 15:23:33 Log.py[line: 16] INFO 进入设备列表成功
2020-12-08 15:23:34 Log.py[line: 16] INFO 进入输出列表成功
2020-12-08 15:23:35 Log.py[line: 16] INFO 进入防区配置成功
2020-12-08 15:23:36 Log.py[line: 16] INFO 进入防区初始化成功
2020-12-08 15:23:37 Log.py[line: 16] INFO 进入防区列表成功
2020-12-08 15:23:38 Log.py[line: 16] INFO 进入联动输出成功
2020-12-08 15:23:39 Log.py[line: 16] INFO 进入定时计划成功
2020-12-08 15:23:42 Log.py[line: 16] INFO 进入地图配置成功
2020-12-08 15:23:43 Log.py[line: 16] INFO 进入操作日志成功
2020-12-08 15:23:44 Log.py[line: 16] INFO 进入升级&维护成功
2020-12-08 15:23:45 Log.py[line: 16] INFO 进入版本信息成功
2020-12-08 15:23:47 Log.py[line: 16] INFO 进入报警记录成功
2020-12-08 15:23:48 Log.py[line: 16] INFO 进入报警记录成功
2020-12-08 15:23:49 Log.py[line: 16] INFO 进入报警统计成功
2020-12-08 15:23:52 Log.py[line: 16] INFO 进入地图操作成功
2020-12-08 22:16:07 Log.py[line: 16] INFO 执行中
2020-12-08 22:16:08 Log.py[line: 16] INFO 提示：账号不能为空
2020-12-08 22:16:09 Log.py[line: 16] INFO 提示:账号不能为空
2020-12-08 22:16:10 Log.py[line: 16] INFO 提示：密码不能为空
2020-12-08 22:16:12 Log.py[line: 16] INFO 登陆成功
2020-12-08 22:16:13 Log.py[line: 16] INFO 进入参数配置页面成功
2020-12-08 22:16:14 Log.py[line: 16] INFO 进入基本参数配置成功
2020-12-08 22:16:15 Log.py[line: 16] INFO 进入报警参数配置成功
2020-12-08 22:16:16 Log.py[line: 16] INFO 进入通道详情成功
2020-12-08 22:16:18 Log.py[line: 16] INFO 进入阈值配置成功
2020-12-08 22:16:19 Log.py[line: 16] INFO 进入算法配置成功
2020-12-08 22:16:20 Log.py[line: 16] INFO 进入方案配置成功
2020-12-08 22:16:21 Log.py[line: 16] INFO 进入屏蔽区域配置成功
2020-12-08 22:16:23 Log.py[line: 16] INFO 进入瀑布图成功
2020-12-08 22:16:24 Log.py[line: 16] INFO 进入调试配置成功
2020-12-08 22:16:25 Log.py[line: 16] INFO 进入系统配置成功
2020-12-08 22:16:26 Log.py[line: 16] INFO 进入用户管理成功
2020-12-08 22:16:27 Log.py[line: 16] INFO 进入基本配置成功
2020-12-08 22:16:28 Log.py[line: 16] INFO 进入外接设备配置成功
2020-12-08 22:16:29 Log.py[line: 16] INFO 进入设备列表成功
2020-12-08 22:16:31 Log.py[line: 16] INFO 进入输出列表成功
2020-12-08 22:16:32 Log.py[line: 16] INFO 进入防区配置成功
2020-12-08 22:16:33 Log.py[line: 16] INFO 进入防区初始化成功
2020-12-08 22:16:34 Log.py[line: 16] INFO 进入防区列表成功
2020-12-08 22:16:35 Log.py[line: 16] INFO 进入联动输出成功
2020-12-08 22:16:36 Log.py[line: 16] INFO 进入定时计划成功
2020-12-08 22:16:39 Log.py[line: 16] INFO 进入地图配置成功
2020-12-08 22:16:40 Log.py[line: 16] INFO 进入操作日志成功
2020-12-08 22:16:41 Log.py[line: 16] INFO 进入升级&维护成功
2020-12-08 22:16:42 Log.py[line: 16] INFO 进入版本信息成功
2020-12-08 22:16:44 Log.py[line: 16] INFO 进入报警记录成功
2020-12-08 22:16:45 Log.py[line: 16] INFO 进入报警记录成功
2020-12-08 22:16:46 Log.py[line: 16] INFO 进入报警统计成功
2020-12-08 22:16:49 Log.py[line: 16] INFO 进入地图操作成功
2020-12-09 10:48:48 Log.py[line: 16] INFO 执行中
2020-12-09 10:48:49 Log.py[line: 16] INFO 提示：账号不能为空
2020-12-09 10:48:51 Log.py[line: 16] INFO 提示:账号不能为空
2020-12-09 10:48:52 Log.py[line: 16] INFO 提示：密码不能为空
2020-12-09 10:48:53 Log.py[line: 16] INFO 登陆成功
2020-12-09 10:48:55 Log.py[line: 16] INFO 进入参数配置页面成功
2020-12-09 10:48:56 Log.py[line: 16] INFO 进入基本参数配置成功
2020-12-09 10:48:57 Log.py[line: 16] INFO 进入报警参数配置成功
2020-12-09 10:48:58 Log.py[line: 16] INFO 进入通道详情成功
2020-12-09 10:48:59 Log.py[line: 16] INFO 进入阈值配置成功
2020-12-09 10:49:01 Log.py[line: 16] INFO 进入算法配置成功
2020-12-09 10:49:02 Log.py[line: 16] INFO 进入方案配置成功
2020-12-09 10:49:03 Log.py[line: 16] INFO 进入屏蔽区域配置成功
2020-12-09 10:49:04 Log.py[line: 16] INFO 进入瀑布图成功
2020-12-09 10:49:05 Log.py[line: 16] INFO 进入调试配置成功
2020-12-09 10:49:07 Log.py[line: 16] INFO 进入系统配置成功
2020-12-09 10:49:08 Log.py[line: 16] INFO 进入用户管理成功
2020-12-09 10:49:09 Log.py[line: 16] INFO 进入基本配置成功
2020-12-09 10:49:10 Log.py[line: 16] INFO 进入外接设备配置成功
2020-12-09 10:49:11 Log.py[line: 16] INFO 进入设备列表成功
2020-12-09 10:49:12 Log.py[line: 16] INFO 进入输出列表成功
2020-12-09 10:49:13 Log.py[line: 16] INFO 进入防区配置成功
2020-12-09 10:49:14 Log.py[line: 16] INFO 进入防区初始化成功
2020-12-09 10:49:16 Log.py[line: 16] INFO 进入防区列表成功
2020-12-09 10:49:17 Log.py[line: 16] INFO 进入联动输出成功
2020-12-09 10:49:18 Log.py[line: 16] INFO 进入定时计划成功
2020-12-09 10:49:21 Log.py[line: 16] INFO 进入地图配置成功
2020-12-09 10:49:22 Log.py[line: 16] INFO 进入操作日志成功
2020-12-09 10:49:23 Log.py[line: 16] INFO 进入升级&维护成功
2020-12-09 10:49:24 Log.py[line: 16] INFO 进入版本信息成功
2020-12-09 10:49:26 Log.py[line: 16] INFO 进入报警记录成功
2020-12-09 10:49:27 Log.py[line: 16] INFO 进入报警记录成功
2020-12-09 10:49:28 Log.py[line: 16] INFO 进入报警统计成功
2020-12-09 10:49:31 Log.py[line: 16] INFO 进入地图操作成功
2020-12-09 11:29:59 Log.py[line: 16] INFO 执行中
2020-12-09 11:30:00 Log.py[line: 16] INFO 无有效断言
2020-12-09 11:30:00 Log.py[line: 16] INFO 提示：账号不能为空
2020-12-09 11:30:02 Log.py[line: 16] INFO 无有效断言
2020-12-09 11:30:02 Log.py[line: 16] INFO 提示:账号不能为空
2020-12-09 11:30:03 Log.py[line: 16] INFO 无有效断言
2020-12-09 11:30:03 Log.py[line: 16] INFO 提示：密码不能为空
2020-12-09 11:30:04 Log.py[line: 16] INFO 无有效断言
2020-12-09 11:30:04 Log.py[line: 16] INFO 登陆成功
2020-12-09 11:30:05 Log.py[line: 16] INFO 无有效断言
2020-12-09 11:30:05 Log.py[line: 16] INFO 进入参数配置页面成功
2020-12-09 11:30:07 Log.py[line: 16] INFO 无有效断言
2020-12-09 11:30:07 Log.py[line: 16] INFO 进入基本参数配置成功
2020-12-09 11:30:08 Log.py[line: 16] INFO 无有效断言
2020-12-09 11:30:08 Log.py[line: 16] INFO 进入报警参数配置成功
2020-12-09 11:30:09 Log.py[line: 16] INFO 无有效断言
2020-12-09 11:30:09 Log.py[line: 16] INFO 进入通道详情成功
2020-12-09 11:30:10 Log.py[line: 16] INFO 无有效断言
2020-12-09 11:30:10 Log.py[line: 16] INFO 进入阈值配置成功
2020-12-09 11:30:11 Log.py[line: 16] INFO 无有效断言
2020-12-09 11:30:11 Log.py[line: 16] INFO 进入算法配置成功
2020-12-09 11:30:12 Log.py[line: 16] INFO 无有效断言
2020-12-09 11:30:12 Log.py[line: 16] INFO 进入方案配置成功
2020-12-09 11:30:13 Log.py[line: 16] INFO 无有效断言
2020-12-09 11:30:13 Log.py[line: 16] INFO 进入屏蔽区域配置成功
2020-12-09 11:30:14 Log.py[line: 16] INFO 无有效断言
2020-12-09 11:30:14 Log.py[line: 16] INFO 进入瀑布图成功
2020-12-09 11:30:16 Log.py[line: 16] INFO 无有效断言
2020-12-09 11:30:16 Log.py[line: 16] INFO 进入调试配置成功
2020-12-09 11:30:17 Log.py[line: 16] INFO 无有效断言
2020-12-09 11:30:17 Log.py[line: 16] INFO 进入系统配置成功
2020-12-09 11:30:18 Log.py[line: 16] INFO 无有效断言
2020-12-09 11:30:18 Log.py[line: 16] INFO 进入用户管理成功
2020-12-09 11:30:19 Log.py[line: 16] INFO 无有效断言
2020-12-09 11:30:19 Log.py[line: 16] INFO 进入基本配置成功
2020-12-09 11:30:20 Log.py[line: 16] INFO 无有效断言
2020-12-09 11:30:20 Log.py[line: 16] INFO 进入外接设备配置成功
2020-12-09 11:30:21 Log.py[line: 16] INFO 无有效断言
2020-12-09 11:30:21 Log.py[line: 16] INFO 进入设备列表成功
2020-12-09 11:30:22 Log.py[line: 16] INFO 无有效断言
2020-12-09 11:30:22 Log.py[line: 16] INFO 进入输出列表成功
2020-12-09 11:30:23 Log.py[line: 16] INFO 无有效断言
2020-12-09 11:30:23 Log.py[line: 16] INFO 进入防区配置成功
2020-12-09 11:30:24 Log.py[line: 16] INFO 无有效断言
2020-12-09 11:30:24 Log.py[line: 16] INFO 进入防区初始化成功
2020-12-09 11:30:26 Log.py[line: 16] INFO 无有效断言
2020-12-09 11:30:26 Log.py[line: 16] INFO 进入防区列表成功
2020-12-09 11:30:27 Log.py[line: 16] INFO 无有效断言
2020-12-09 11:30:27 Log.py[line: 16] INFO 进入联动输出成功
2020-12-09 11:30:28 Log.py[line: 16] INFO 无有效断言
2020-12-09 11:30:28 Log.py[line: 16] INFO 进入定时计划成功
2020-12-09 11:30:31 Log.py[line: 16] INFO 无有效断言
2020-12-09 11:30:31 Log.py[line: 16] INFO 进入地图配置成功
2020-12-09 11:30:32 Log.py[line: 16] INFO 无有效断言
2020-12-09 11:30:32 Log.py[line: 16] INFO 进入操作日志成功
2020-12-09 11:30:33 Log.py[line: 16] INFO 无有效断言
2020-12-09 11:30:33 Log.py[line: 16] INFO 进入升级&维护成功
2020-12-09 11:30:34 Log.py[line: 16] INFO 无有效断言
2020-12-09 11:30:34 Log.py[line: 16] INFO 进入版本信息成功
2020-12-09 11:30:35 Log.py[line: 16] INFO 无有效断言
2020-12-09 11:30:35 Log.py[line: 16] INFO 进入报警记录成功
2020-12-09 11:30:36 Log.py[line: 16] INFO 无有效断言
2020-12-09 11:30:36 Log.py[line: 16] INFO 进入报警记录成功
2020-12-09 11:30:37 Log.py[line: 16] INFO 无有效断言
2020-12-09 11:30:37 Log.py[line: 16] INFO 进入报警统计成功
2020-12-09 11:30:40 Log.py[line: 16] INFO 无有效断言
2020-12-09 11:30:40 Log.py[line: 16] INFO 进入地图操作成功
2020-12-09 11:31:28 Log.py[line: 16] INFO 执行中
2020-12-09 11:31:29 Log.py[line: 16] INFO 提示：账号不能为空
2020-12-09 11:31:30 Log.py[line: 16] INFO 提示:账号不能为空
2020-12-09 11:31:32 Log.py[line: 16] INFO 提示：密码不能为空
2020-12-09 11:31:33 Log.py[line: 16] INFO 登陆成功
2020-12-09 11:31:34 Log.py[line: 16] INFO 进入参数配置页面成功
2020-12-09 11:31:35 Log.py[line: 16] INFO 进入基本参数配置成功
2020-12-09 11:31:36 Log.py[line: 16] INFO 进入报警参数配置成功
2020-12-09 11:31:37 Log.py[line: 16] INFO 进入通道详情成功
2020-12-09 11:31:39 Log.py[line: 16] INFO 进入阈值配置成功
2020-12-09 11:31:40 Log.py[line: 16] INFO 进入算法配置成功
2020-12-09 11:31:41 Log.py[line: 16] INFO 进入方案配置成功
2020-12-09 11:31:42 Log.py[line: 16] INFO 进入屏蔽区域配置成功
2020-12-09 11:31:43 Log.py[line: 16] INFO 进入瀑布图成功
2020-12-09 11:31:44 Log.py[line: 16] INFO 进入调试配置成功
2020-12-09 11:31:46 Log.py[line: 16] INFO 进入系统配置成功
2020-12-09 11:31:47 Log.py[line: 16] INFO 进入用户管理成功
2020-12-09 11:31:48 Log.py[line: 16] INFO 进入基本配置成功
2020-12-09 11:31:49 Log.py[line: 16] INFO 进入外接设备配置成功
2020-12-09 11:31:50 Log.py[line: 16] INFO 进入设备列表成功
2020-12-09 11:31:51 Log.py[line: 16] INFO 进入输出列表成功
2020-12-09 11:31:52 Log.py[line: 16] INFO 进入防区配置成功
2020-12-09 11:31:53 Log.py[line: 16] INFO 进入防区初始化成功
2020-12-09 11:31:54 Log.py[line: 16] INFO 进入防区列表成功
2020-12-09 11:31:56 Log.py[line: 16] INFO 进入联动输出成功
2020-12-09 11:31:57 Log.py[line: 16] INFO 进入定时计划成功
2020-12-09 11:32:00 Log.py[line: 16] INFO 进入地图配置成功
2020-12-09 11:32:01 Log.py[line: 16] INFO 进入操作日志成功
2020-12-09 11:32:02 Log.py[line: 16] INFO 进入升级&维护成功
2020-12-09 11:32:03 Log.py[line: 16] INFO 进入版本信息成功
2020-12-09 11:32:04 Log.py[line: 16] INFO 进入报警记录成功
2020-12-09 11:32:05 Log.py[line: 16] INFO 进入报警记录成功
2020-12-09 11:32:07 Log.py[line: 16] INFO 进入报警统计成功
2020-12-09 11:32:10 Log.py[line: 16] INFO 进入地图操作成功
2020-12-09 11:32:40 Log.py[line: 16] INFO 执行中
2020-12-09 11:32:42 Log.py[line: 16] INFO 提示：账号不能为空
2020-12-09 11:32:43 Log.py[line: 16] INFO 提示:账号不能为空
2020-12-09 11:32:44 Log.py[line: 16] INFO 提示：密码不能为空
2020-12-09 11:32:45 Log.py[line: 16] INFO 登陆成功
2020-12-09 11:32:47 Log.py[line: 16] INFO 进入参数配置页面成功
2020-12-09 11:32:48 Log.py[line: 16] INFO 进入基本参数配置成功
2020-12-09 11:32:49 Log.py[line: 16] INFO 进入报警参数配置成功
2020-12-09 11:32:50 Log.py[line: 16] INFO 进入通道详情成功
2020-12-09 11:32:51 Log.py[line: 16] INFO 进入阈值配置成功
2020-12-09 11:32:53 Log.py[line: 16] INFO 进入算法配置成功
2020-12-09 11:32:54 Log.py[line: 16] INFO 进入方案配置成功
2020-12-09 11:32:55 Log.py[line: 16] INFO 进入屏蔽区域配置成功
2020-12-09 11:32:56 Log.py[line: 16] INFO 进入瀑布图成功
2020-12-09 11:32:57 Log.py[line: 16] INFO 进入调试配置成功
2020-12-09 11:32:58 Log.py[line: 16] INFO 进入系统配置成功
2020-12-09 11:32:59 Log.py[line: 16] INFO 进入用户管理成功
2020-12-09 11:33:00 Log.py[line: 16] INFO 进入基本配置成功
2020-12-09 11:33:01 Log.py[line: 16] INFO 进入外接设备配置成功
2020-12-09 11:33:03 Log.py[line: 16] INFO 进入设备列表成功
2020-12-09 11:33:04 Log.py[line: 16] INFO 进入输出列表成功
2020-12-09 11:33:05 Log.py[line: 16] INFO 进入防区配置成功
2020-12-09 11:33:06 Log.py[line: 16] INFO 进入防区初始化成功
2020-12-09 11:33:07 Log.py[line: 16] INFO 进入防区列表成功
2020-12-09 11:33:08 Log.py[line: 16] INFO 进入联动输出成功
2020-12-09 11:33:09 Log.py[line: 16] INFO 进入定时计划成功
2020-12-09 11:33:12 Log.py[line: 16] INFO 进入地图配置成功
2020-12-09 11:33:13 Log.py[line: 16] INFO 进入操作日志成功
2020-12-09 11:33:15 Log.py[line: 16] INFO 进入升级&维护成功
2020-12-09 11:33:16 Log.py[line: 16] INFO 进入版本信息成功
2020-12-09 11:33:17 Log.py[line: 16] INFO 进入报警记录成功
2020-12-09 11:33:18 Log.py[line: 16] INFO 进入报警记录成功
2020-12-09 11:33:19 Log.py[line: 16] INFO 进入报警统计成功
2020-12-09 11:33:22 Log.py[line: 16] INFO 进入地图操作成功
2020-12-09 11:34:09 Log.py[line: 16] INFO 执行中
2020-12-09 11:34:10 Log.py[line: 16] INFO 提示：账号不能为空
2020-12-09 11:34:11 Log.py[line: 16] INFO 提示:账号不能为空
2020-12-09 11:34:12 Log.py[line: 16] INFO 提示：密码不能为空
2020-12-09 11:34:13 Log.py[line: 16] INFO 登陆成功
2020-12-09 11:34:15 Log.py[line: 16] INFO 进入参数配置页面成功
2020-12-09 11:34:16 Log.py[line: 16] INFO 进入基本参数配置成功
2020-12-09 11:34:17 Log.py[line: 16] INFO 进入报警参数配置成功
2020-12-09 11:34:18 Log.py[line: 16] INFO 进入通道详情成功
2020-12-09 11:34:19 Log.py[line: 16] INFO 进入阈值配置成功
2020-12-09 11:34:20 Log.py[line: 16] INFO 进入算法配置成功
2020-12-09 11:34:21 Log.py[line: 16] INFO 进入方案配置成功
2020-12-09 11:34:23 Log.py[line: 16] INFO 进入屏蔽区域配置成功
2020-12-09 11:34:24 Log.py[line: 16] INFO 进入瀑布图成功
2020-12-09 11:34:25 Log.py[line: 16] INFO 进入调试配置成功
2020-12-09 11:34:26 Log.py[line: 16] INFO 进入系统配置成功
2020-12-09 11:34:27 Log.py[line: 16] INFO 进入用户管理成功
2020-12-09 11:34:28 Log.py[line: 16] INFO 进入基本配置成功
2020-12-09 11:34:29 Log.py[line: 16] INFO 进入外接设备配置成功
2020-12-09 11:34:30 Log.py[line: 16] INFO 进入设备列表成功
2020-12-09 11:34:32 Log.py[line: 16] INFO 进入输出列表成功
2020-12-09 11:34:33 Log.py[line: 16] INFO 进入防区配置成功
2020-12-09 11:34:34 Log.py[line: 16] INFO 进入防区初始化成功
2020-12-09 11:34:35 Log.py[line: 16] INFO 进入防区列表成功
2020-12-09 11:34:36 Log.py[line: 16] INFO 进入联动输出成功
2020-12-09 11:34:37 Log.py[line: 16] INFO 进入定时计划成功
2020-12-09 11:34:40 Log.py[line: 16] INFO 进入地图配置成功
2020-12-09 11:34:41 Log.py[line: 16] INFO 进入操作日志成功
2020-12-09 11:34:43 Log.py[line: 16] INFO 进入升级&维护成功
2020-12-09 11:34:44 Log.py[line: 16] INFO 进入版本信息成功
2020-12-09 11:34:45 Log.py[line: 16] INFO 进入报警记录成功
2020-12-09 11:34:46 Log.py[line: 16] INFO 进入报警记录成功
2020-12-09 11:34:47 Log.py[line: 16] INFO 进入报警统计成功
2020-12-09 11:34:50 Log.py[line: 16] INFO 地图操作执行失败
2020-12-09 13:38:52 Log.py[line: 16] INFO 执行中
2020-12-09 13:38:54 Log.py[line: 16] INFO 登陆执行失败
2020-12-09 13:39:51 Log.py[line: 16] INFO 执行中
2020-12-09 13:39:53 Log.py[line: 16] INFO 登陆执行失败
2020-12-09 13:39:54 Log.py[line: 16] INFO 提示:账号不能为空
2020-12-09 13:39:55 Log.py[line: 16] INFO 提示：密码不能为空
2020-12-09 13:39:56 Log.py[line: 16] INFO 登陆成功
2020-12-09 13:40:47 Log.py[line: 16] INFO 执行中
2020-12-09 13:40:48 Log.py[line: 16] INFO 登陆执行失败
2020-12-09 13:40:49 Log.py[line: 16] INFO 提示:账号不能为空
2020-12-09 13:40:51 Log.py[line: 16] INFO 提示：密码不能为空
2020-12-09 13:40:52 Log.py[line: 16] INFO 登陆成功
2020-12-09 13:40:53 Log.py[line: 16] INFO 进入参数配置页面成功
2020-12-09 13:40:54 Log.py[line: 16] INFO 进入基本参数配置成功
2020-12-09 13:40:55 Log.py[line: 16] INFO 进入报警参数配置成功
2020-12-09 13:41:40 Log.py[line: 16] INFO 执行中
2020-12-09 13:41:41 Log.py[line: 16] INFO 提示：账号不能为空
2020-12-09 13:41:42 Log.py[line: 16] INFO 提示:账号不能为空
2020-12-09 13:41:44 Log.py[line: 16] INFO 提示：密码不能为空
2020-12-09 13:41:45 Log.py[line: 16] INFO 登陆成功
2020-12-09 13:41:46 Log.py[line: 16] INFO 进入参数配置页面成功
2020-12-09 13:41:47 Log.py[line: 16] INFO 进入基本参数配置成功
2020-12-09 13:41:48 Log.py[line: 16] INFO 进入报警参数配置成功
2020-12-09 13:41:49 Log.py[line: 16] INFO 进入通道详情成功
2020-12-09 13:41:51 Log.py[line: 16] INFO 进入阈值配置成功
2020-12-09 13:41:52 Log.py[line: 16] INFO 进入算法配置成功
2020-12-09 13:41:53 Log.py[line: 16] INFO 进入方案配置成功
2020-12-09 13:41:54 Log.py[line: 16] INFO 进入屏蔽区域配置成功
2020-12-09 13:41:55 Log.py[line: 16] INFO 进入瀑布图成功
2020-12-09 13:41:56 Log.py[line: 16] INFO 进入调试配置成功
2020-12-09 13:41:58 Log.py[line: 16] INFO 进入系统配置成功
2020-12-09 13:41:59 Log.py[line: 16] INFO 进入用户管理成功
2020-12-09 13:42:00 Log.py[line: 16] INFO 进入基本配置成功
2020-12-09 13:42:01 Log.py[line: 16] INFO 进入外接设备配置成功
2020-12-09 13:42:02 Log.py[line: 16] INFO 进入设备列表成功
2020-12-09 13:42:03 Log.py[line: 16] INFO 进入输出列表成功
2020-12-09 13:42:04 Log.py[line: 16] INFO 进入防区配置成功
2020-12-09 13:42:06 Log.py[line: 16] INFO 进入防区初始化成功
2020-12-09 13:42:07 Log.py[line: 16] INFO 进入防区列表成功
2020-12-09 13:42:08 Log.py[line: 16] INFO 进入联动输出成功
2020-12-09 13:42:09 Log.py[line: 16] INFO 进入定时计划成功
2020-12-09 13:42:12 Log.py[line: 16] INFO 进入地图配置成功
2020-12-09 13:42:13 Log.py[line: 16] INFO 进入操作日志成功
2020-12-09 13:42:14 Log.py[line: 16] INFO 进入升级&维护成功
2020-12-09 13:42:15 Log.py[line: 16] INFO 进入版本信息成功
2020-12-09 13:42:17 Log.py[line: 16] INFO 进入报警记录成功
2020-12-09 13:42:18 Log.py[line: 16] INFO 进入报警记录成功
2020-12-09 13:42:19 Log.py[line: 16] INFO 进入报警统计成功
2020-12-09 13:42:22 Log.py[line: 16] INFO 地图操作执行失败
2020-12-09 16:10:03 Log.py[line: 16] INFO 执行中
2020-12-09 16:10:04 Log.py[line: 16] INFO 提示：账号不能为空
2020-12-09 16:10:06 Log.py[line: 16] INFO 提示:账号不能为空
2020-12-09 16:10:07 Log.py[line: 16] INFO 提示：密码不能为空
2020-12-09 16:10:08 Log.py[line: 16] INFO 登陆成功
2020-12-09 16:10:09 Log.py[line: 16] INFO 进入参数配置页面成功
2020-12-09 16:10:10 Log.py[line: 16] INFO 进入基本参数配置成功
2020-12-09 16:10:11 Log.py[line: 16] INFO 进入报警参数配置成功
2020-12-09 16:10:12 Log.py[line: 16] INFO 进入通道详情成功
2020-12-09 16:10:14 Log.py[line: 16] INFO 进入阈值配置成功
2020-12-09 16:10:15 Log.py[line: 16] INFO 进入算法配置成功
2020-12-09 16:10:16 Log.py[line: 16] INFO 进入方案配置成功
2020-12-09 16:10:17 Log.py[line: 16] INFO 进入屏蔽区域配置成功
2020-12-09 16:10:18 Log.py[line: 16] INFO 进入瀑布图成功
2020-12-09 16:10:54 Log.py[line: 16] INFO 执行中
2020-12-09 16:10:55 Log.py[line: 16] INFO 提示：账号不能为空
2020-12-09 16:10:56 Log.py[line: 16] INFO 提示:账号不能为空
2020-12-09 16:10:58 Log.py[line: 16] INFO 提示：密码不能为空
2020-12-09 16:10:59 Log.py[line: 16] INFO 登陆成功
2020-12-09 16:11:00 Log.py[line: 16] INFO 进入参数配置页面成功
2020-12-09 16:11:01 Log.py[line: 16] INFO 进入基本参数配置成功
2020-12-09 16:11:02 Log.py[line: 16] INFO 进入报警参数配置成功
2020-12-09 16:11:03 Log.py[line: 16] INFO 进入通道详情成功
2020-12-09 16:11:05 Log.py[line: 16] INFO 进入阈值配置成功
2020-12-09 16:11:06 Log.py[line: 16] INFO 进入算法配置成功
2020-12-09 16:11:07 Log.py[line: 16] INFO 进入方案配置成功
2020-12-09 16:11:08 Log.py[line: 16] INFO 进入屏蔽区域配置成功
2020-12-09 16:11:09 Log.py[line: 16] INFO 进入瀑布图成功
2020-12-09 16:11:10 Log.py[line: 16] INFO 进入调试配置成功
2020-12-09 16:11:11 Log.py[line: 16] INFO 进入系统配置成功
2020-12-09 16:11:12 Log.py[line: 16] INFO 进入用户管理成功
2020-12-09 16:11:14 Log.py[line: 16] INFO 进入基本配置成功
2020-12-09 16:11:15 Log.py[line: 16] INFO 进入外接设备配置成功
2020-12-09 16:11:16 Log.py[line: 16] INFO 进入设备列表成功
2020-12-09 16:11:17 Log.py[line: 16] INFO 进入输出列表成功
2020-12-09 16:11:18 Log.py[line: 16] INFO 进入防区配置成功
2020-12-09 16:11:19 Log.py[line: 16] INFO 进入防区初始化成功
2020-12-09 16:11:20 Log.py[line: 16] INFO 进入防区列表成功
2020-12-09 16:11:21 Log.py[line: 16] INFO 进入联动输出成功
2020-12-09 16:11:23 Log.py[line: 16] INFO 进入定时计划成功
2020-12-09 16:11:26 Log.py[line: 16] INFO 进入地图配置成功
2020-12-09 16:11:27 Log.py[line: 16] INFO 进入操作日志成功
2020-12-09 16:11:28 Log.py[line: 16] INFO 进入升级&维护成功
2020-12-09 16:11:29 Log.py[line: 16] INFO 进入版本信息成功
2020-12-09 16:11:30 Log.py[line: 16] INFO 进入报警记录成功
2020-12-09 16:11:31 Log.py[line: 16] INFO 进入报警记录成功
2020-12-09 16:11:32 Log.py[line: 16] INFO 进入报警统计成功
2020-12-09 16:11:36 Log.py[line: 16] INFO 地图操作执行失败
2020-12-09 16:12:19 Log.py[line: 16] INFO 执行中
2020-12-09 16:12:20 Log.py[line: 16] INFO 提示：账号不能为空
2020-12-09 16:12:21 Log.py[line: 16] INFO 提示:账号不能为空
2020-12-09 16:12:22 Log.py[line: 16] INFO 提示：密码不能为空
2020-12-09 16:12:24 Log.py[line: 16] INFO 登陆成功
2020-12-09 16:12:25 Log.py[line: 16] INFO 进入参数配置页面成功
2020-12-09 16:12:26 Log.py[line: 16] INFO 进入基本参数配置成功
2020-12-09 16:12:27 Log.py[line: 16] INFO 进入报警参数配置成功
2020-12-09 16:13:28 Log.py[line: 16] INFO 执行中
2020-12-09 16:13:29 Log.py[line: 16] INFO 提示：账号不能为空
2020-12-09 16:13:30 Log.py[line: 16] INFO 提示:账号不能为空
2020-12-09 16:13:31 Log.py[line: 16] INFO 提示：密码不能为空
2020-12-09 16:13:33 Log.py[line: 16] INFO 登陆成功
2020-12-09 16:13:34 Log.py[line: 16] INFO 进入参数配置页面成功
2020-12-09 16:13:37 Log.py[line: 16] INFO 地图操作执行失败
2020-12-09 16:14:16 Log.py[line: 16] INFO 执行中
2020-12-09 16:14:17 Log.py[line: 16] INFO 提示：账号不能为空
2020-12-09 16:14:18 Log.py[line: 16] INFO 提示:账号不能为空
2020-12-09 16:14:19 Log.py[line: 16] INFO 提示：密码不能为空
2020-12-09 16:14:21 Log.py[line: 16] INFO 登陆成功
2020-12-09 16:14:22 Log.py[line: 16] INFO 进入参数配置页面成功
2020-12-09 16:16:24 Log.py[line: 16] INFO 执行中
2020-12-09 16:16:25 Log.py[line: 16] INFO 提示：账号不能为空
2020-12-09 16:16:26 Log.py[line: 16] INFO 提示:账号不能为空
2020-12-09 16:16:27 Log.py[line: 16] INFO 提示：密码不能为空
2020-12-09 16:16:28 Log.py[line: 16] INFO 登陆成功
2020-12-09 16:16:30 Log.py[line: 16] INFO 进入参数配置页面成功
2020-12-09 16:18:31 Log.py[line: 16] INFO 执行中
2020-12-09 16:18:32 Log.py[line: 16] INFO 提示：账号不能为空
2020-12-09 16:18:33 Log.py[line: 16] INFO 提示:账号不能为空
2020-12-09 16:18:34 Log.py[line: 16] INFO 提示：密码不能为空
2020-12-09 16:18:36 Log.py[line: 16] INFO 登陆成功
2020-12-09 16:18:37 Log.py[line: 16] INFO 进入参数配置页面成功
2020-12-09 16:19:02 Log.py[line: 16] INFO 执行中
2020-12-09 16:19:03 Log.py[line: 16] INFO 提示：账号不能为空
2020-12-09 16:19:04 Log.py[line: 16] INFO 提示:账号不能为空
2020-12-09 16:19:05 Log.py[line: 16] INFO 提示：密码不能为空
2020-12-09 16:19:06 Log.py[line: 16] INFO 登陆成功
2020-12-09 16:19:08 Log.py[line: 16] INFO 进入参数配置页面成功
2020-12-09 16:19:09 Log.py[line: 16] INFO 进入基本参数配置成功
2020-12-09 17:07:31 Log.py[line: 16] INFO 执行中
2020-12-09 17:07:32 Log.py[line: 16] INFO 提示：账号不能为空
2020-12-09 17:07:34 Log.py[line: 16] INFO 提示:账号不能为空
2020-12-09 17:07:35 Log.py[line: 16] INFO 提示：密码不能为空
2020-12-09 17:07:36 Log.py[line: 16] INFO 登陆成功
2020-12-09 17:07:37 Log.py[line: 16] INFO 进入参数配置页面成功
2020-12-09 17:07:39 Log.py[line: 16] INFO 进入基本参数配置成功
2020-12-09 17:08:48 Log.py[line: 16] INFO 执行中
2020-12-09 17:08:50 Log.py[line: 16] INFO 提示：账号不能为空
2020-12-09 17:08:51 Log.py[line: 16] INFO 提示:账号不能为空
2020-12-09 17:08:52 Log.py[line: 16] INFO 提示：密码不能为空
2020-12-09 17:08:54 Log.py[line: 16] INFO 登陆成功
2020-12-09 17:08:55 Log.py[line: 16] INFO 进入参数配置页面成功
2020-12-09 17:08:56 Log.py[line: 16] INFO 无定位方法
2020-12-09 17:10:35 Log.py[line: 16] INFO 执行中
2020-12-09 17:10:36 Log.py[line: 16] INFO 提示：账号不能为空
2020-12-09 17:10:37 Log.py[line: 16] INFO 提示:账号不能为空
2020-12-09 17:10:39 Log.py[line: 16] INFO 提示：密码不能为空
2020-12-09 17:10:40 Log.py[line: 16] INFO 登陆成功
2020-12-09 17:10:41 Log.py[line: 16] INFO 进入参数配置页面成功
2020-12-09 17:10:42 Log.py[line: 16] INFO 无定位方法
2020-12-09 17:11:38 Log.py[line: 16] INFO 执行中
2020-12-09 17:11:40 Log.py[line: 16] INFO 提示：账号不能为空
2020-12-09 17:11:41 Log.py[line: 16] INFO 提示:账号不能为空
2020-12-09 17:11:42 Log.py[line: 16] INFO 提示：密码不能为空
2020-12-09 17:11:43 Log.py[line: 16] INFO 登陆成功
2020-12-09 17:11:45 Log.py[line: 16] INFO 进入参数配置页面成功
2020-12-09 17:11:46 Log.py[line: 16] INFO 无定位方法
2020-12-09 17:15:28 Log.py[line: 16] INFO 执行中
2020-12-09 17:15:29 Log.py[line: 16] INFO 提示：账号不能为空
2020-12-09 17:15:30 Log.py[line: 16] INFO 提示:账号不能为空
2020-12-09 17:15:32 Log.py[line: 16] INFO 提示：密码不能为空
2020-12-09 17:15:33 Log.py[line: 16] INFO 登陆成功
2020-12-09 17:15:34 Log.py[line: 16] INFO 进入参数配置页面成功
2020-12-09 17:15:35 Log.py[line: 16] INFO 无定位方法
2020-12-09 17:16:55 Log.py[line: 16] INFO 执行中
2020-12-09 17:16:56 Log.py[line: 16] INFO 提示：账号不能为空
2020-12-09 17:16:57 Log.py[line: 16] INFO 提示:账号不能为空
2020-12-09 17:16:58 Log.py[line: 16] INFO 提示：密码不能为空
2020-12-09 17:17:00 Log.py[line: 16] INFO 登陆成功
2020-12-09 17:17:01 Log.py[line: 16] INFO 进入参数配置页面成功
2020-12-09 17:17:02 Log.py[line: 16] INFO 无定位方法
2020-12-09 17:17:30 Log.py[line: 16] INFO 执行中
2020-12-09 17:17:32 Log.py[line: 16] INFO 提示：账号不能为空
2020-12-09 17:17:33 Log.py[line: 16] INFO 提示:账号不能为空
2020-12-09 17:17:34 Log.py[line: 16] INFO 提示：密码不能为空
2020-12-09 17:17:35 Log.py[line: 16] INFO 登陆成功
2020-12-09 17:17:36 Log.py[line: 16] INFO 进入参数配置页面成功
2020-12-09 17:17:38 Log.py[line: 16] INFO 操作失败:'WebDriver' object has no attribute 'get_attribute'
2020-12-09 17:20:28 Log.py[line: 16] INFO 执行中
2020-12-09 17:20:29 Log.py[line: 16] INFO 提示：账号不能为空
2020-12-09 17:20:30 Log.py[line: 16] INFO 提示:账号不能为空
2020-12-09 17:20:32 Log.py[line: 16] INFO 提示：密码不能为空
2020-12-09 17:20:33 Log.py[line: 16] INFO 登陆成功
2020-12-09 17:20:34 Log.py[line: 16] INFO 进入参数配置页面成功
2020-12-09 17:20:35 Log.py[line: 16] INFO 操作失败:'WebDriver' object has no attribute 'get_attribute'
2020-12-09 17:21:55 Log.py[line: 16] INFO 执行中
2020-12-09 17:21:57 Log.py[line: 16] INFO 提示：账号不能为空
2020-12-09 17:21:58 Log.py[line: 16] INFO 提示:账号不能为空
2020-12-09 17:21:59 Log.py[line: 16] INFO 提示：密码不能为空
2020-12-09 17:22:00 Log.py[line: 16] INFO 登陆成功
2020-12-09 17:22:01 Log.py[line: 16] INFO 进入参数配置页面成功
2020-12-09 17:23:58 Log.py[line: 16] INFO 执行中
2020-12-09 17:23:59 Log.py[line: 16] INFO 提示：账号不能为空
2020-12-09 17:24:00 Log.py[line: 16] INFO 提示:账号不能为空
2020-12-09 17:24:02 Log.py[line: 16] INFO 提示：密码不能为空
2020-12-09 17:24:03 Log.py[line: 16] INFO 登陆成功
2020-12-09 17:24:04 Log.py[line: 16] INFO 进入参数配置页面成功
2020-12-09 17:24:43 Log.py[line: 16] INFO 执行中
2020-12-09 17:24:45 Log.py[line: 16] INFO 提示：账号不能为空
2020-12-09 17:24:46 Log.py[line: 16] INFO 提示:账号不能为空
2020-12-09 17:24:47 Log.py[line: 16] INFO 提示：密码不能为空
2020-12-09 17:24:48 Log.py[line: 16] INFO 登陆成功
2020-12-09 17:24:49 Log.py[line: 16] INFO 进入参数配置页面成功
2020-12-09 17:25:29 Log.py[line: 16] INFO 执行中
2020-12-09 17:25:30 Log.py[line: 16] INFO 提示：账号不能为空
2020-12-09 17:25:31 Log.py[line: 16] INFO 提示:账号不能为空
2020-12-09 17:25:33 Log.py[line: 16] INFO 提示：密码不能为空
2020-12-09 17:25:34 Log.py[line: 16] INFO 登陆成功
2020-12-09 17:25:35 Log.py[line: 16] INFO 进入参数配置页面成功
2020-12-09 17:26:33 Log.py[line: 16] INFO 执行中
2020-12-09 17:26:35 Log.py[line: 16] INFO 提示：账号不能为空
2020-12-09 17:26:36 Log.py[line: 16] INFO 提示:账号不能为空
2020-12-09 17:26:37 Log.py[line: 16] INFO 提示：密码不能为空
2020-12-09 17:26:38 Log.py[line: 16] INFO 登陆成功
2020-12-09 17:26:39 Log.py[line: 16] INFO 进入参数配置页面成功
2020-12-09 17:27:30 Log.py[line: 16] INFO 执行中
2020-12-09 17:27:32 Log.py[line: 16] INFO 登陆执行失败
2020-12-09 17:27:33 Log.py[line: 16] INFO 登陆执行失败
2020-12-09 17:27:35 Log.py[line: 16] INFO 登陆执行失败
2020-12-09 17:27:36 Log.py[line: 16] INFO 登陆执行失败
2020-12-09 17:27:38 Log.py[line: 16] INFO 参数配置执行失败
2020-12-09 17:28:17 Log.py[line: 16] INFO 执行中
2020-12-09 17:28:18 Log.py[line: 16] INFO 提示：账号不能为空
2020-12-09 17:28:19 Log.py[line: 16] INFO 提示:账号不能为空
2020-12-09 17:28:20 Log.py[line: 16] INFO 提示：密码不能为空
2020-12-09 17:28:22 Log.py[line: 16] INFO 登陆成功
2020-12-09 17:28:23 Log.py[line: 16] INFO 进入参数配置页面成功
2020-12-09 17:29:20 Log.py[line: 16] INFO 执行中
2020-12-09 17:29:21 Log.py[line: 16] INFO 提示：账号不能为空
2020-12-09 17:29:22 Log.py[line: 16] INFO 提示:账号不能为空
2020-12-09 17:29:23 Log.py[line: 16] INFO 提示：密码不能为空
2020-12-09 17:29:25 Log.py[line: 16] INFO 登陆成功
2020-12-09 17:29:26 Log.py[line: 16] INFO 进入参数配置页面成功
2020-12-09 17:29:27 Log.py[line: 16] INFO 截图失败
2020-12-09 17:29:27 Log.py[line: 16] INFO 基本参数配置执行失败
2020-12-09 17:29:29 Log.py[line: 16] INFO 进入基本参数配置成功
2020-12-09 17:30:12 Log.py[line: 16] INFO 执行中
2020-12-09 17:30:14 Log.py[line: 16] INFO 提示：账号不能为空
2020-12-09 17:30:15 Log.py[line: 16] INFO 提示:账号不能为空
2020-12-09 17:30:16 Log.py[line: 16] INFO 提示：密码不能为空
2020-12-09 17:30:17 Log.py[line: 16] INFO 登陆成功
2020-12-09 17:30:18 Log.py[line: 16] INFO 进入参数配置页面成功
2020-12-09 17:30:20 Log.py[line: 16] INFO 截图失败
2020-12-09 17:30:20 Log.py[line: 16] INFO 基本参数配置执行失败
2020-12-09 17:30:21 Log.py[line: 16] INFO 进入基本参数配置成功
2020-12-09 17:32:49 Log.py[line: 16] INFO 执行中
2020-12-09 17:32:50 Log.py[line: 16] INFO 提示：账号不能为空
2020-12-09 17:32:51 Log.py[line: 16] INFO 提示:账号不能为空
2020-12-09 17:32:53 Log.py[line: 16] INFO 提示：密码不能为空
2020-12-09 17:32:54 Log.py[line: 16] INFO 登陆成功
2020-12-09 17:32:55 Log.py[line: 16] INFO 进入参数配置页面成功
2020-12-09 17:32:56 Log.py[line: 16] INFO 截图失败
2020-12-09 17:32:56 Log.py[line: 16] INFO 基本参数配置执行失败
2020-12-09 17:32:58 Log.py[line: 16] INFO 进入基本参数配置成功
2020-12-09 17:34:16 Log.py[line: 16] INFO 执行中
2020-12-09 17:34:18 Log.py[line: 16] INFO 提示：账号不能为空
2020-12-09 17:34:19 Log.py[line: 16] INFO 提示:账号不能为空
2020-12-09 17:34:20 Log.py[line: 16] INFO 提示：密码不能为空
2020-12-09 17:34:21 Log.py[line: 16] INFO 登陆成功
2020-12-09 17:34:22 Log.py[line: 16] INFO 进入参数配置页面成功
2020-12-09 17:34:24 Log.py[line: 16] INFO 截图失败
2020-12-09 17:34:24 Log.py[line: 16] INFO 基本参数配置执行失败
2020-12-09 17:34:25 Log.py[line: 16] INFO 进入基本参数配置成功
2020-12-09 17:35:48 Log.py[line: 16] INFO 执行中
2020-12-09 17:35:49 Log.py[line: 16] INFO 提示：账号不能为空
2020-12-09 17:35:51 Log.py[line: 16] INFO 提示:账号不能为空
2020-12-09 17:35:52 Log.py[line: 16] INFO 提示：密码不能为空
2020-12-09 17:35:53 Log.py[line: 16] INFO 登陆成功
2020-12-09 17:35:54 Log.py[line: 16] INFO 进入参数配置页面成功
2020-12-09 17:35:55 Log.py[line: 16] INFO 截图失败
2020-12-09 17:35:55 Log.py[line: 16] INFO 基本参数配置执行失败
2020-12-09 17:35:57 Log.py[line: 16] INFO 进入基本参数配置成功
2020-12-09 17:37:55 Log.py[line: 16] INFO 执行中
2020-12-09 17:37:56 Log.py[line: 16] INFO 提示：账号不能为空
2020-12-09 17:37:57 Log.py[line: 16] INFO 提示:账号不能为空
2020-12-09 17:37:58 Log.py[line: 16] INFO 提示：密码不能为空
2020-12-09 17:38:00 Log.py[line: 16] INFO 登陆成功
2020-12-09 17:38:01 Log.py[line: 16] INFO 进入参数配置页面成功
2020-12-09 17:38:02 Log.py[line: 16] INFO 光缆长度获取成功
2020-12-09 17:38:03 Log.py[line: 16] INFO 进入基本参数配置成功
2020-12-09 17:39:15 Log.py[line: 16] INFO 执行中
2020-12-09 17:39:17 Log.py[line: 16] INFO 提示：账号不能为空
2020-12-09 17:39:18 Log.py[line: 16] INFO 提示:账号不能为空
2020-12-09 17:39:19 Log.py[line: 16] INFO 提示：密码不能为空
2020-12-09 17:39:20 Log.py[line: 16] INFO 登陆成功
2020-12-09 17:39:21 Log.py[line: 16] INFO 进入参数配置页面成功
2020-12-09 17:39:23 Log.py[line: 16] INFO 光缆长度获取成功
2020-12-09 17:39:24 Log.py[line: 16] INFO 进入基本参数配置成功
2020-12-09 17:46:22 Log.py[line: 16] INFO 执行中
2020-12-09 17:46:23 Log.py[line: 16] INFO 提示：账号不能为空
2020-12-09 17:46:24 Log.py[line: 16] INFO 提示:账号不能为空
2020-12-09 17:46:26 Log.py[line: 16] INFO 提示：密码不能为空
2020-12-09 17:46:27 Log.py[line: 16] INFO 登陆成功
2020-12-09 17:46:28 Log.py[line: 16] INFO 进入参数配置页面成功
2020-12-09 17:46:29 Log.py[line: 16] INFO 光缆长度获取成功
2020-12-09 17:46:30 Log.py[line: 16] INFO 进入基本参数配置成功
2020-12-09 19:42:25 Log.py[line: 16] INFO 执行中
2020-12-09 19:42:26 Log.py[line: 16] INFO 提示：账号不能为空
2020-12-09 19:42:28 Log.py[line: 16] INFO 提示:账号不能为空
2020-12-09 19:42:29 Log.py[line: 16] INFO 提示：密码不能为空
2020-12-09 19:42:30 Log.py[line: 16] INFO 登陆成功
2020-12-09 19:42:31 Log.py[line: 16] INFO 进入参数配置页面成功
2020-12-09 19:42:32 Log.py[line: 16] INFO 光缆长度获取成功
2020-12-09 19:42:34 Log.py[line: 16] INFO 进入基本参数配置成功
2020-12-09 19:45:27 Log.py[line: 16] INFO 执行中
2020-12-09 19:45:29 Log.py[line: 16] INFO 提示：账号不能为空
2020-12-09 19:45:30 Log.py[line: 16] INFO 提示:账号不能为空
2020-12-09 19:45:31 Log.py[line: 16] INFO 提示：密码不能为空
2020-12-09 19:45:32 Log.py[line: 16] INFO 登陆成功
2020-12-09 19:45:34 Log.py[line: 16] INFO 进入参数配置页面成功
2020-12-09 19:45:35 Log.py[line: 16] INFO 光缆长度获取成功
2020-12-09 19:45:36 Log.py[line: 16] INFO 进入基本参数配置成功
2020-12-10 09:33:40 Log.py[line: 16] INFO 执行中
2020-12-10 09:33:41 Log.py[line: 16] INFO 提示：账号不能为空
2020-12-10 09:33:42 Log.py[line: 16] INFO 提示:账号不能为空
2020-12-10 09:33:43 Log.py[line: 16] INFO 提示：密码不能为空
2020-12-10 09:33:45 Log.py[line: 16] INFO 登陆成功
2020-12-10 09:33:46 Log.py[line: 16] INFO 进入参数配置页面成功
2020-12-10 09:33:47 Log.py[line: 16] INFO 光缆长度获取成功
2020-12-10 09:33:48 Log.py[line: 16] INFO 进入基本参数配置成功
2020-12-10 09:51:14 Log.py[line: 16] INFO 执行中
2020-12-10 09:51:15 Log.py[line: 16] INFO 提示：账号不能为空
2020-12-10 09:51:16 Log.py[line: 16] INFO 提示:账号不能为空
2020-12-10 09:51:18 Log.py[line: 16] INFO 提示：密码不能为空
2020-12-10 09:51:19 Log.py[line: 16] INFO 登陆成功
2020-12-10 09:51:20 Log.py[line: 16] INFO 进入参数配置页面成功
2020-12-10 09:51:21 Log.py[line: 16] INFO 光缆长度不在范围内提示：周界起点，请输入非负整数成功
2020-12-10 09:51:22 Log.py[line: 16] INFO 光缆长度获取成功
2020-12-10 09:51:24 Log.py[line: 16] INFO 进入基本参数配置成功
2020-12-10 13:21:34 Log.py[line: 16] INFO 执行中
2020-12-10 13:21:36 Log.py[line: 16] INFO 提示：账号不能为空
2020-12-10 13:21:37 Log.py[line: 16] INFO 提示:账号不能为空
2020-12-10 13:21:38 Log.py[line: 16] INFO 提示：密码不能为空
2020-12-10 13:21:39 Log.py[line: 16] INFO 登陆成功
2020-12-10 13:22:19 Log.py[line: 16] INFO 执行中
2020-12-10 13:22:20 Log.py[line: 16] INFO 提示：账号不能为空
2020-12-10 13:22:21 Log.py[line: 16] INFO 提示:账号不能为空
2020-12-10 13:22:23 Log.py[line: 16] INFO 提示：密码不能为空
2020-12-10 13:22:24 Log.py[line: 16] INFO 登陆成功
2020-12-10 13:22:25 Log.py[line: 16] INFO 进入系统配置成功
2020-12-10 13:22:26 Log.py[line: 16] INFO 进入用户管理成功
2020-12-10 13:49:36 Log.py[line: 16] INFO 执行中
2020-12-10 13:49:38 Log.py[line: 16] INFO 提示：账号不能为空
2020-12-10 13:49:39 Log.py[line: 16] INFO 提示:账号不能为空
2020-12-10 13:49:40 Log.py[line: 16] INFO 提示：密码不能为空
2020-12-10 13:49:41 Log.py[line: 16] INFO 登陆成功
2020-12-10 13:49:42 Log.py[line: 16] INFO 进入系统配置成功
2020-12-10 13:49:43 Log.py[line: 16] INFO 进入用户管理成功
2020-12-10 13:50:26 Log.py[line: 16] INFO 执行中
2020-12-10 13:50:28 Log.py[line: 16] INFO 提示：账号不能为空
2020-12-10 13:50:29 Log.py[line: 16] INFO 提示:账号不能为空
2020-12-10 13:50:30 Log.py[line: 16] INFO 提示：密码不能为空
2020-12-10 13:50:31 Log.py[line: 16] INFO 登陆成功
2020-12-10 13:50:32 Log.py[line: 16] INFO 进入系统配置成功
2020-12-10 13:50:34 Log.py[line: 16] INFO 进入用户管理成功
2020-12-10 13:51:04 Log.py[line: 16] INFO 定位失败：Message: no such element: Unable to locate element: {"method":"xpath","selector":"//*[text()='用户账号：']/../div[1]/input"}
  (Session info: chrome=86.0.4240.111)

2020-12-10 13:51:04 Log.py[line: 16] INFO 操作失败:Message: element not interactable
  (Session info: chrome=86.0.4240.111)

2020-12-10 13:51:34 Log.py[line: 16] INFO 定位失败：Message: no such element: Unable to locate element: {"method":"xpath","selector":"//*[text()='密码：']/../div[1]/input"}
  (Session info: chrome=86.0.4240.111)

2020-12-10 13:51:34 Log.py[line: 16] INFO 操作失败:Message: element not interactable
  (Session info: chrome=86.0.4240.111)

2020-12-10 13:52:04 Log.py[line: 16] INFO 定位失败：Message: no such element: Unable to locate element: {"method":"xpath","selector":"//*[text()='确认密码：']/../div[1]/input"}
  (Session info: chrome=86.0.4240.111)

2020-12-10 13:52:04 Log.py[line: 16] INFO 操作失败:Message: element not interactable
  (Session info: chrome=86.0.4240.111)

2020-12-10 13:53:31 Log.py[line: 16] INFO 执行中
2020-12-10 13:53:32 Log.py[line: 16] INFO 提示：账号不能为空
2020-12-10 13:53:33 Log.py[line: 16] INFO 提示:账号不能为空
2020-12-10 13:53:34 Log.py[line: 16] INFO 提示：密码不能为空
2020-12-10 13:53:35 Log.py[line: 16] INFO 登陆成功
2020-12-10 13:53:37 Log.py[line: 16] INFO 进入系统配置成功
2020-12-10 13:53:38 Log.py[line: 16] INFO 进入用户管理成功
2020-12-10 13:53:38 Log.py[line: 16] INFO 操作失败:Message: element not interactable
  (Session info: chrome=86.0.4240.111)

2020-12-10 13:54:08 Log.py[line: 16] INFO 定位失败：Message: no such element: Unable to locate element: {"method":"xpath","selector":"//*[text()='密码：']/../div[1]/input"}
  (Session info: chrome=86.0.4240.111)

2020-12-10 13:54:08 Log.py[line: 16] INFO 操作失败:Message: element not interactable
  (Session info: chrome=86.0.4240.111)

2020-12-10 14:02:27 Log.py[line: 16] INFO 执行中
2020-12-10 14:02:28 Log.py[line: 16] INFO 提示：账号不能为空
2020-12-10 14:02:29 Log.py[line: 16] INFO 提示:账号不能为空
2020-12-10 14:02:30 Log.py[line: 16] INFO 提示：密码不能为空
2020-12-10 14:02:32 Log.py[line: 16] INFO 登陆成功
2020-12-10 14:02:33 Log.py[line: 16] INFO 进入系统配置成功
2020-12-10 14:02:34 Log.py[line: 16] INFO 进入用户管理成功
2020-12-10 14:03:04 Log.py[line: 16] INFO 定位失败：Message: no such element: Unable to locate element: {"method":"xpath","selector":"//*[text()='用户账号：']/../div[1]/input"}
  (Session info: chrome=86.0.4240.111)

2020-12-10 14:03:04 Log.py[line: 16] INFO 操作失败:Message: element not interactable
  (Session info: chrome=86.0.4240.111)

2020-12-10 14:03:13 Log.py[line: 16] INFO 执行中
2020-12-10 14:03:23 Log.py[line: 16] INFO 执行中
2020-12-10 14:03:42 Log.py[line: 16] INFO 执行中
2020-12-10 14:03:43 Log.py[line: 16] INFO 提示：账号不能为空
2020-12-10 14:03:44 Log.py[line: 16] INFO 提示:账号不能为空
2020-12-10 14:03:46 Log.py[line: 16] INFO 提示：密码不能为空
2020-12-10 14:03:47 Log.py[line: 16] INFO 登陆成功
2020-12-10 14:03:48 Log.py[line: 16] INFO 进入系统配置成功
2020-12-10 14:03:49 Log.py[line: 16] INFO 进入用户管理成功
2020-12-10 14:04:19 Log.py[line: 16] INFO 定位失败：Message: no such element: Unable to locate element: {"method":"xpath","selector":"//*[text()='用户账号：']/../div[1]/input"}
  (Session info: chrome=86.0.4240.111)

2020-12-10 14:04:19 Log.py[line: 16] INFO 操作失败:Message: element not interactable
  (Session info: chrome=86.0.4240.111)

2020-12-10 14:04:39 Log.py[line: 16] INFO 执行中
2020-12-10 14:04:40 Log.py[line: 16] INFO 提示：账号不能为空
2020-12-10 14:04:41 Log.py[line: 16] INFO 提示:账号不能为空
2020-12-10 14:04:42 Log.py[line: 16] INFO 提示：密码不能为空
2020-12-10 14:04:44 Log.py[line: 16] INFO 登陆成功
2020-12-10 14:04:45 Log.py[line: 16] INFO 进入系统配置成功
2020-12-10 14:04:46 Log.py[line: 16] INFO 进入用户管理成功
2020-12-10 14:04:46 Log.py[line: 16] INFO 无定位方法
2020-12-10 14:06:49 Log.py[line: 16] INFO 执行中
2020-12-10 14:06:50 Log.py[line: 16] INFO 提示：账号不能为空
2020-12-10 14:06:51 Log.py[line: 16] INFO 提示:账号不能为空
2020-12-10 14:06:52 Log.py[line: 16] INFO 提示：密码不能为空
2020-12-10 14:06:54 Log.py[line: 16] INFO 登陆成功
2020-12-10 14:06:55 Log.py[line: 16] INFO 进入系统配置成功
2020-12-10 14:06:56 Log.py[line: 16] INFO 进入用户管理成功
2020-12-10 14:06:56 Log.py[line: 16] INFO 无定位方法
2020-12-10 14:08:13 Log.py[line: 16] INFO 执行中
2020-12-10 14:08:14 Log.py[line: 16] INFO 提示：账号不能为空
2020-12-10 14:08:15 Log.py[line: 16] INFO 提示:账号不能为空
2020-12-10 14:08:17 Log.py[line: 16] INFO 提示：密码不能为空
2020-12-10 14:08:18 Log.py[line: 16] INFO 登陆成功
2020-12-10 14:08:19 Log.py[line: 16] INFO 进入系统配置成功
2020-12-10 14:08:20 Log.py[line: 16] INFO 进入用户管理成功
2020-12-10 14:08:20 Log.py[line: 16] INFO 无定位方法
2020-12-10 14:10:51 Log.py[line: 16] INFO 执行中
2020-12-10 14:10:53 Log.py[line: 16] INFO 提示：账号不能为空
2020-12-10 14:10:54 Log.py[line: 16] INFO 提示:账号不能为空
2020-12-10 14:10:55 Log.py[line: 16] INFO 提示：密码不能为空
2020-12-10 14:10:56 Log.py[line: 16] INFO 登陆成功
2020-12-10 14:10:57 Log.py[line: 16] INFO 进入系统配置成功
2020-12-10 14:10:59 Log.py[line: 16] INFO 进入用户管理成功
2020-12-10 14:10:59 Log.py[line: 16] INFO 无定位方法
2020-12-10 14:11:21 Log.py[line: 16] INFO 执行中
2020-12-10 14:11:22 Log.py[line: 16] INFO 提示：账号不能为空
2020-12-10 14:11:23 Log.py[line: 16] INFO 提示:账号不能为空
2020-12-10 14:11:24 Log.py[line: 16] INFO 提示：密码不能为空
2020-12-10 14:11:25 Log.py[line: 16] INFO 登陆成功
2020-12-10 14:11:27 Log.py[line: 16] INFO 进入系统配置成功
2020-12-10 14:11:28 Log.py[line: 16] INFO 进入用户管理成功
2020-12-10 14:13:15 Log.py[line: 16] INFO 执行中
2020-12-10 14:13:16 Log.py[line: 16] INFO 提示：账号不能为空
2020-12-10 14:13:17 Log.py[line: 16] INFO 提示:账号不能为空
2020-12-10 14:13:19 Log.py[line: 16] INFO 提示：密码不能为空
2020-12-10 14:13:20 Log.py[line: 16] INFO 登陆成功
2020-12-10 14:13:21 Log.py[line: 16] INFO 进入系统配置成功
2020-12-10 14:13:22 Log.py[line: 16] INFO 进入用户管理成功
2020-12-10 14:21:31 Log.py[line: 16] INFO 执行中
2020-12-10 14:21:32 Log.py[line: 16] INFO 提示：账号不能为空
2020-12-10 14:21:34 Log.py[line: 16] INFO 提示:账号不能为空
2020-12-10 14:21:35 Log.py[line: 16] INFO 提示：密码不能为空
2020-12-10 14:21:36 Log.py[line: 16] INFO 登陆成功
2020-12-10 14:21:37 Log.py[line: 16] INFO 进入系统配置成功
2020-12-10 14:21:38 Log.py[line: 16] INFO 进入用户管理成功
2020-12-10 14:26:14 Log.py[line: 16] INFO 执行中
2020-12-10 14:26:16 Log.py[line: 16] INFO 提示：账号不能为空
2020-12-10 14:26:17 Log.py[line: 16] INFO 提示:账号不能为空
2020-12-10 14:26:18 Log.py[line: 16] INFO 提示：密码不能为空
2020-12-10 14:26:19 Log.py[line: 16] INFO 登陆成功
2020-12-10 14:26:20 Log.py[line: 16] INFO 进入系统配置成功
2020-12-10 14:26:22 Log.py[line: 16] INFO 进入用户管理成功
2020-12-10 14:28:19 Log.py[line: 16] INFO 执行中
2020-12-10 14:28:21 Log.py[line: 16] INFO 提示：账号不能为空
2020-12-10 14:28:22 Log.py[line: 16] INFO 提示:账号不能为空
2020-12-10 14:28:23 Log.py[line: 16] INFO 提示：密码不能为空
2020-12-10 14:28:24 Log.py[line: 16] INFO 登陆成功
2020-12-10 14:28:25 Log.py[line: 16] INFO 进入系统配置成功
2020-12-10 14:28:26 Log.py[line: 16] INFO 进入用户管理成功
2020-12-10 14:28:57 Log.py[line: 16] INFO 定位失败：Message: no such element: Unable to locate element: {"method":"xpath","selector":"//*[text='保存']"}
  (Session info: chrome=86.0.4240.111)

2020-12-10 14:30:09 Log.py[line: 16] INFO 执行中
2020-12-10 14:30:10 Log.py[line: 16] INFO 提示：账号不能为空
2020-12-10 14:30:11 Log.py[line: 16] INFO 提示:账号不能为空
2020-12-10 14:30:12 Log.py[line: 16] INFO 提示：密码不能为空
2020-12-10 14:30:13 Log.py[line: 16] INFO 登陆成功
2020-12-10 14:30:15 Log.py[line: 16] INFO 进入系统配置成功
2020-12-10 14:30:16 Log.py[line: 16] INFO 进入用户管理成功
2020-12-10 14:30:17 Log.py[line: 16] INFO 添加用户成功
2020-12-10 14:42:51 Log.py[line: 16] INFO 执行中
2020-12-10 14:42:53 Log.py[line: 16] INFO 提示：账号不能为空
2020-12-10 14:42:54 Log.py[line: 16] INFO 提示:账号不能为空
2020-12-10 14:42:55 Log.py[line: 16] INFO 提示：密码不能为空
2020-12-10 14:42:57 Log.py[line: 16] INFO 登陆成功
2020-12-10 14:42:58 Log.py[line: 16] INFO 进入系统配置成功
2020-12-10 14:42:59 Log.py[line: 16] INFO 进入用户管理成功
2020-12-10 14:43:01 Log.py[line: 16] INFO 添加用户成功
2020-12-10 15:35:51 Log.py[line: 16] INFO 执行中
2020-12-10 15:35:53 Log.py[line: 16] INFO 提示：账号不能为空
2020-12-10 15:35:54 Log.py[line: 16] INFO 提示:账号不能为空
2020-12-10 15:35:55 Log.py[line: 16] INFO 提示：密码不能为空
2020-12-10 15:35:56 Log.py[line: 16] INFO 登陆成功
2020-12-10 15:35:57 Log.py[line: 16] INFO 进入系统配置成功
2020-12-10 15:35:59 Log.py[line: 16] INFO 进入用户管理成功
2020-12-10 15:36:00 Log.py[line: 16] INFO 添加用户成功
2020-12-10 15:36:00 Log.py[line: 16] INFO 无定位方法
2020-12-10 15:36:30 Log.py[line: 16] INFO 定位失败：Message: no such element: Unable to locate element: {"method":"xpath","selector":"/html/body/div[3]/div/div[3]/button[1]/span"}
  (Session info: chrome=86.0.4240.111)

2020-12-10 15:36:30 Log.py[line: 16] INFO 操作失败:Message: stale element reference: element is not attached to the page document
  (Session info: chrome=86.0.4240.111)

2020-12-10 15:37:05 Log.py[line: 16] INFO 执行中
2020-12-10 15:37:06 Log.py[line: 16] INFO 提示：账号不能为空
2020-12-10 15:37:08 Log.py[line: 16] INFO 提示:账号不能为空
2020-12-10 15:37:09 Log.py[line: 16] INFO 提示：密码不能为空
2020-12-10 15:37:10 Log.py[line: 16] INFO 登陆成功
2020-12-10 15:37:11 Log.py[line: 16] INFO 进入系统配置成功
2020-12-10 15:37:12 Log.py[line: 16] INFO 进入用户管理成功
2020-12-10 15:37:12 Log.py[line: 16] INFO 无定位方法
2020-12-10 15:37:42 Log.py[line: 16] INFO 定位失败：Message: no such element: Unable to locate element: {"method":"xpath","selector":"/html/body/div[3]/div/div[3]/button[1]/span"}
  (Session info: chrome=86.0.4240.111)

2020-12-10 15:38:13 Log.py[line: 16] INFO 定位失败：Message: no such element: Unable to locate element: {"method":"xpath","selector":"//*[text()='操作成功']"}
  (Session info: chrome=86.0.4240.111)

2020-12-10 15:38:14 Log.py[line: 16] INFO 用户管理删除用户执行失败
2020-12-10 15:39:00 Log.py[line: 16] INFO 执行中
2020-12-10 15:39:01 Log.py[line: 16] INFO 提示：账号不能为空
2020-12-10 15:39:03 Log.py[line: 16] INFO 提示:账号不能为空
2020-12-10 15:39:04 Log.py[line: 16] INFO 提示：密码不能为空
2020-12-10 15:39:05 Log.py[line: 16] INFO 登陆成功
2020-12-10 15:39:06 Log.py[line: 16] INFO 进入系统配置成功
2020-12-10 15:39:07 Log.py[line: 16] INFO 进入用户管理成功
2020-12-10 15:39:37 Log.py[line: 16] INFO 定位失败：Message: no such element: Unable to locate element: {"method":"xpath","selector":"/html/body/div[3]/div/div[3]/button[1]/span"}
  (Session info: chrome=86.0.4240.111)

2020-12-10 15:39:39 Log.py[line: 16] INFO 操作失败:Message: element click intercepted: Element <span>...</span> is not clickable at point (317, 415). Other element would receive the click: <p>...</p>
  (Session info: chrome=86.0.4240.111)

2020-12-10 15:40:01 Log.py[line: 16] INFO 执行中
2020-12-10 15:40:02 Log.py[line: 16] INFO 提示：账号不能为空
2020-12-10 15:40:03 Log.py[line: 16] INFO 提示:账号不能为空
2020-12-10 15:40:04 Log.py[line: 16] INFO 提示：密码不能为空
2020-12-10 15:40:06 Log.py[line: 16] INFO 登陆成功
2020-12-10 15:40:07 Log.py[line: 16] INFO 进入系统配置成功
2020-12-10 15:40:08 Log.py[line: 16] INFO 进入用户管理成功
2020-12-10 15:40:09 Log.py[line: 16] INFO 删除用户成功
2020-12-10 15:40:29 Log.py[line: 16] INFO 执行中
2020-12-10 15:40:31 Log.py[line: 16] INFO 提示：账号不能为空
2020-12-10 15:40:32 Log.py[line: 16] INFO 提示:账号不能为空
2020-12-10 15:40:33 Log.py[line: 16] INFO 提示：密码不能为空
2020-12-10 15:40:34 Log.py[line: 16] INFO 登陆成功
2020-12-10 15:40:35 Log.py[line: 16] INFO 进入系统配置成功
2020-12-10 15:40:37 Log.py[line: 16] INFO 进入用户管理成功
2020-12-10 15:40:38 Log.py[line: 16] INFO 添加用户成功
2020-12-10 15:40:42 Log.py[line: 16] INFO 删除用户成功
2020-12-10 15:43:27 Log.py[line: 16] INFO 执行中
2020-12-10 15:43:28 Log.py[line: 16] INFO 提示：账号不能为空
2020-12-10 15:43:29 Log.py[line: 16] INFO 提示:账号不能为空
2020-12-10 15:43:31 Log.py[line: 16] INFO 提示：密码不能为空
2020-12-10 15:43:32 Log.py[line: 16] INFO 登陆成功
2020-12-10 15:43:33 Log.py[line: 16] INFO 进入参数配置页面成功
2020-12-10 15:43:34 Log.py[line: 16] INFO 光缆长度不在范围内提示：周界起点，请输入非负整数成功
2020-12-10 15:43:35 Log.py[line: 16] INFO 光缆长度获取成功
2020-12-10 15:43:37 Log.py[line: 16] INFO 进入基本参数配置成功
2020-12-10 15:43:38 Log.py[line: 16] INFO 进入报警参数配置成功
2020-12-10 15:43:39 Log.py[line: 16] INFO 进入通道详情成功
2020-12-10 15:43:40 Log.py[line: 16] INFO 进入阈值配置成功
2020-12-10 15:43:41 Log.py[line: 16] INFO 进入算法配置成功
2020-12-10 15:43:43 Log.py[line: 16] INFO 进入方案配置成功
2020-12-10 15:43:44 Log.py[line: 16] INFO 进入屏蔽区域配置成功
2020-12-10 15:43:45 Log.py[line: 16] INFO 进入瀑布图成功
2020-12-10 15:43:46 Log.py[line: 16] INFO 进入调试配置成功
2020-12-10 15:43:47 Log.py[line: 16] INFO 进入系统配置成功
2020-12-10 15:43:48 Log.py[line: 16] INFO 进入用户管理成功
2020-12-10 15:43:50 Log.py[line: 16] INFO 添加用户成功
2020-12-10 15:43:53 Log.py[line: 16] INFO 删除用户成功
2020-12-10 15:43:55 Log.py[line: 16] INFO 进入基本配置成功
2020-12-10 15:43:56 Log.py[line: 16] INFO 进入外接设备配置成功
2020-12-10 15:43:57 Log.py[line: 16] INFO 进入设备列表成功
2020-12-10 15:43:58 Log.py[line: 16] INFO 进入输出列表成功
2020-12-10 15:43:59 Log.py[line: 16] INFO 进入防区配置成功
2020-12-10 15:44:00 Log.py[line: 16] INFO 进入防区初始化成功
2020-12-10 15:44:01 Log.py[line: 16] INFO 进入防区列表成功
2020-12-10 15:44:03 Log.py[line: 16] INFO 进入联动输出成功
2020-12-10 15:44:04 Log.py[line: 16] INFO 进入定时计划成功
2020-12-10 15:44:07 Log.py[line: 16] INFO 进入地图配置成功
2020-12-10 15:44:08 Log.py[line: 16] INFO 进入操作日志成功
2020-12-10 15:44:09 Log.py[line: 16] INFO 进入升级&维护成功
2020-12-10 15:44:10 Log.py[line: 16] INFO 进入版本信息成功
2020-12-10 15:44:11 Log.py[line: 16] INFO 进入报警记录成功
2020-12-10 15:44:12 Log.py[line: 16] INFO 进入报警记录成功
2020-12-10 15:44:13 Log.py[line: 16] INFO 进入报警统计成功
2020-12-10 15:44:17 Log.py[line: 16] INFO 地图操作执行失败
2020-12-10 15:45:25 Log.py[line: 16] INFO 执行中
2020-12-10 15:45:26 Log.py[line: 16] INFO 提示：账号不能为空
2020-12-10 15:45:28 Log.py[line: 16] INFO 提示:账号不能为空
2020-12-10 15:45:29 Log.py[line: 16] INFO 提示：密码不能为空
2020-12-10 15:45:30 Log.py[line: 16] INFO 登陆成功
2020-12-10 15:45:31 Log.py[line: 16] INFO 进入参数配置页面成功
2020-12-10 15:45:33 Log.py[line: 16] INFO 光缆长度不在范围内提示：周界起点，请输入非负整数成功
2020-12-10 15:45:34 Log.py[line: 16] INFO 光缆长度获取成功
2020-12-10 15:45:35 Log.py[line: 16] INFO 进入基本参数配置成功
2020-12-10 15:45:36 Log.py[line: 16] INFO 进入报警参数配置成功
2020-12-10 15:45:37 Log.py[line: 16] INFO 进入通道详情成功
2020-12-10 15:45:39 Log.py[line: 16] INFO 进入阈值配置成功
2020-12-10 15:45:40 Log.py[line: 16] INFO 进入算法配置成功
2020-12-10 15:45:41 Log.py[line: 16] INFO 进入方案配置成功
2020-12-10 15:45:42 Log.py[line: 16] INFO 进入屏蔽区域配置成功
2020-12-10 15:45:43 Log.py[line: 16] INFO 进入瀑布图成功
2020-12-10 15:45:44 Log.py[line: 16] INFO 进入调试配置成功
2020-12-10 15:45:46 Log.py[line: 16] INFO 进入系统配置成功
2020-12-10 15:45:47 Log.py[line: 16] INFO 进入用户管理成功
2020-12-10 15:45:48 Log.py[line: 16] INFO 添加用户成功
2020-12-10 15:45:52 Log.py[line: 16] INFO 删除用户成功
2020-12-10 15:45:53 Log.py[line: 16] INFO 进入基本配置成功
2020-12-10 15:45:54 Log.py[line: 16] INFO 进入外接设备配置成功
2020-12-10 15:45:55 Log.py[line: 16] INFO 进入设备列表成功
2020-12-10 15:45:57 Log.py[line: 16] INFO 进入输出列表成功
2020-12-10 15:45:58 Log.py[line: 16] INFO 进入防区配置成功
2020-12-10 15:45:59 Log.py[line: 16] INFO 进入防区初始化成功
2020-12-10 15:46:00 Log.py[line: 16] INFO 进入防区列表成功
2020-12-10 15:46:01 Log.py[line: 16] INFO 进入联动输出成功
2020-12-10 15:46:02 Log.py[line: 16] INFO 进入定时计划成功
2020-12-10 15:46:05 Log.py[line: 16] INFO 进入地图配置成功
2020-12-10 15:46:06 Log.py[line: 16] INFO 进入操作日志成功
2020-12-10 15:46:08 Log.py[line: 16] INFO 进入升级&维护成功
2020-12-10 15:46:09 Log.py[line: 16] INFO 进入版本信息成功
2020-12-10 15:46:10 Log.py[line: 16] INFO 进入报警记录成功
2020-12-10 15:46:11 Log.py[line: 16] INFO 进入报警记录成功
2020-12-10 15:46:12 Log.py[line: 16] INFO 进入报警统计成功
2020-12-10 15:46:15 Log.py[line: 16] INFO 进入地图操作成功
2020-12-11 09:48:16 Log.py[line: 16] INFO 执行中
2020-12-11 09:48:17 Log.py[line: 16] INFO 提示：账号不能为空
2020-12-11 09:48:18 Log.py[line: 16] INFO 提示:账号不能为空
2020-12-11 09:48:19 Log.py[line: 16] INFO 提示：密码不能为空
2020-12-11 09:48:21 Log.py[line: 16] INFO 登陆成功
2020-12-11 09:48:22 Log.py[line: 16] INFO 进入参数配置页面成功
2020-12-11 09:48:23 Log.py[line: 16] INFO 光缆长度不在范围内提示：周界起点，请输入非负整数成功
2020-12-11 09:48:24 Log.py[line: 16] INFO 光缆长度获取成功
2020-12-11 09:48:25 Log.py[line: 16] INFO 进入基本参数配置成功
2020-12-11 09:48:26 Log.py[line: 16] INFO 进入报警参数配置成功
2020-12-11 09:48:27 Log.py[line: 16] INFO 进入通道详情成功
2020-12-11 09:48:29 Log.py[line: 16] INFO 进入阈值配置成功
2020-12-11 09:48:30 Log.py[line: 16] INFO 进入算法配置成功
2020-12-11 09:48:31 Log.py[line: 16] INFO 进入方案配置成功
2020-12-11 09:48:32 Log.py[line: 16] INFO 进入屏蔽区域配置成功
2020-12-11 09:48:33 Log.py[line: 16] INFO 进入瀑布图成功
2020-12-11 09:48:34 Log.py[line: 16] INFO 进入调试配置成功
2020-12-11 09:48:35 Log.py[line: 16] INFO 进入系统配置成功
2020-12-11 09:48:37 Log.py[line: 16] INFO 进入用户管理成功
2020-12-11 09:48:38 Log.py[line: 16] INFO 添加用户成功
2020-12-11 09:48:42 Log.py[line: 16] INFO 删除用户成功
2020-12-11 09:48:43 Log.py[line: 16] INFO 进入基本配置成功
2020-12-11 09:48:44 Log.py[line: 16] INFO 进入外接设备配置成功
2020-12-11 09:48:45 Log.py[line: 16] INFO 进入设备列表成功
2020-12-11 09:48:46 Log.py[line: 16] INFO 进入输出列表成功
2020-12-11 09:48:47 Log.py[line: 16] INFO 进入防区配置成功
2020-12-11 09:48:48 Log.py[line: 16] INFO 进入防区初始化成功
2020-12-11 09:48:50 Log.py[line: 16] INFO 进入防区列表成功
2020-12-11 09:48:51 Log.py[line: 16] INFO 进入联动输出成功
2020-12-11 09:48:52 Log.py[line: 16] INFO 进入定时计划成功
2020-12-11 09:48:55 Log.py[line: 16] INFO 进入地图配置成功
2020-12-11 09:48:56 Log.py[line: 16] INFO 进入操作日志成功
2020-12-11 09:48:57 Log.py[line: 16] INFO 进入升级&维护成功
2020-12-11 09:48:58 Log.py[line: 16] INFO 进入版本信息成功
2020-12-11 09:48:59 Log.py[line: 16] INFO 进入报警记录成功
2020-12-11 09:49:00 Log.py[line: 16] INFO 进入报警记录成功
2020-12-11 09:49:01 Log.py[line: 16] INFO 进入报警统计成功
2020-12-11 09:49:04 Log.py[line: 16] INFO 进入地图操作成功
